2024-06-27T01:19:13.149Z error: MongoServerError: Transaction numbers are only allowed on a replica set member or mongos
    at Connection.sendCommand (G:\mazadat\node_modules\mongodb\lib\cmap\connection.js:281:27)
    at process.processTicksAndRejections (node:internal/process/task_queues:95:5)
    at async Connection.command (G:\mazadat\node_modules\mongodb\lib\cmap\connection.js:304:26)
    at async Server.command (G:\mazadat\node_modules\mongodb\lib\sdam\server.js:169:24)
    at async executeOperation (G:\mazadat\node_modules\mongodb\lib\operations\execute_operation.js:126:16)
    at async FindCursor._initialize (G:\mazadat\node_modules\mongodb\lib\cursor\find_cursor.js:55:26)
    at async [kInit] (G:\mazadat\node_modules\mongodb\lib\cursor\abstract_cursor.js:454:27)
    at async next (G:\mazadat\node_modules\mongodb\lib\cursor\abstract_cursor.js:514:13)
    at async [Symbol.asyncIterator] (G:\mazadat\node_modules\mongodb\lib\cursor\abstract_cursor.js:160:34)
    at async FindCursor.toArray (G:\mazadat\node_modules\mongodb\lib\cursor\abstract_cursor.js:273:26)
2024-06-27T01:43:42.031Z error: TypeError: Cannot read properties of undefined (reading 'isMaster')
    at notifyAuctionEvents (G:\mazadat\sockets\notifications.js:2797:45)
    at Timeout._onTimeout (G:\mazadat\sockets\notifications.js:3096:21)
    at listOnTimeout (node:internal/timers:573:17)
    at process.processTimers (node:internal/timers:514:7)
2024-06-27T01:45:26.838Z error: MongoServerError: Transaction numbers are only allowed on a replica set member or mongos
    at Connection.sendCommand (G:\mazadat\node_modules\mongodb\lib\cmap\connection.js:281:27)
    at process.processTicksAndRejections (node:internal/process/task_queues:95:5)
    at async Connection.command (G:\mazadat\node_modules\mongodb\lib\cmap\connection.js:304:26)
    at async Server.command (G:\mazadat\node_modules\mongodb\lib\sdam\server.js:169:24)
    at async executeOperation (G:\mazadat\node_modules\mongodb\lib\operations\execute_operation.js:126:16)
    at async FindCursor._initialize (G:\mazadat\node_modules\mongodb\lib\cursor\find_cursor.js:55:26)
    at async [kInit] (G:\mazadat\node_modules\mongodb\lib\cursor\abstract_cursor.js:454:27)
    at async next (G:\mazadat\node_modules\mongodb\lib\cursor\abstract_cursor.js:514:13)
    at async [Symbol.asyncIterator] (G:\mazadat\node_modules\mongodb\lib\cursor\abstract_cursor.js:160:34)
    at async FindCursor.toArray (G:\mazadat\node_modules\mongodb\lib\cursor\abstract_cursor.js:273:26)
2024-06-27T01:47:17.922Z error: MongoServerError: Transaction numbers are only allowed on a replica set member or mongos
    at Connection.sendCommand (G:\mazadat\node_modules\mongodb\lib\cmap\connection.js:281:27)
    at process.processTicksAndRejections (node:internal/process/task_queues:95:5)
    at async Connection.command (G:\mazadat\node_modules\mongodb\lib\cmap\connection.js:304:26)
    at async Server.command (G:\mazadat\node_modules\mongodb\lib\sdam\server.js:169:24)
    at async executeOperation (G:\mazadat\node_modules\mongodb\lib\operations\execute_operation.js:126:16)
    at async FindCursor._initialize (G:\mazadat\node_modules\mongodb\lib\cursor\find_cursor.js:55:26)
    at async [kInit] (G:\mazadat\node_modules\mongodb\lib\cursor\abstract_cursor.js:454:27)
    at async next (G:\mazadat\node_modules\mongodb\lib\cursor\abstract_cursor.js:514:13)
    at async [Symbol.asyncIterator] (G:\mazadat\node_modules\mongodb\lib\cursor\abstract_cursor.js:160:34)
    at async FindCursor.toArray (G:\mazadat\node_modules\mongodb\lib\cursor\abstract_cursor.js:273:26)
2024-06-27T02:12:32.509Z info: Subcategory results aggregation completed.
2024-06-27T02:12:42.467Z info: Subcategory results aggregation completed.
2024-06-27T02:12:52.486Z info: Subcategory results aggregation completed.
2024-06-27T02:13:02.495Z info: Subcategory results aggregation completed.
2024-06-27T02:13:12.502Z info: Subcategory results aggregation completed.
2024-06-27T02:13:22.516Z info: Subcategory results aggregation completed.
2024-06-27T02:13:32.517Z info: Subcategory results aggregation completed.
2024-06-27T02:13:42.516Z info: Subcategory results aggregation completed.
2024-06-27T02:13:52.526Z info: Subcategory results aggregation completed.
2024-06-27T02:14:02.528Z info: Subcategory results aggregation completed.
2024-06-27T02:14:12.545Z info: Subcategory results aggregation completed.
2024-06-27T02:14:22.550Z info: Subcategory results aggregation completed.
2024-06-27T02:14:32.559Z info: Subcategory results aggregation completed.
2024-06-27T02:14:42.565Z info: Subcategory results aggregation completed.
2024-06-27T02:14:52.578Z info: Subcategory results aggregation completed.
2024-06-27T02:15:02.591Z info: Subcategory results aggregation completed.
2024-06-27T02:15:12.604Z info: Subcategory results aggregation completed.
2024-06-27T02:15:22.606Z info: Subcategory results aggregation completed.
2024-06-27T02:15:32.614Z info: Subcategory results aggregation completed.
2024-06-27T02:15:42.618Z info: Subcategory results aggregation completed.
2024-06-27T02:15:52.621Z info: Subcategory results aggregation completed.
2024-06-27T02:16:02.629Z info: Subcategory results aggregation completed.
2024-06-27T02:16:12.641Z info: Subcategory results aggregation completed.
2024-06-27T02:16:22.647Z info: Subcategory results aggregation completed.
2024-06-27T02:16:32.660Z info: Subcategory results aggregation completed.
2024-06-27T02:16:42.663Z info: Subcategory results aggregation completed.
2024-06-27T02:47:00.137Z info: Subcategory results aggregation completed.
2024-06-27T02:47:00.141Z info: Subcategory results aggregation completed.
2024-06-27T05:20:13.574Z info: Subcategory results aggregation completed.
2024-06-27T05:20:13.587Z info: Subcategory results aggregation completed.
2024-06-27T05:20:20.722Z info: Subcategory results aggregation completed.
2024-06-27T05:20:30.721Z info: Subcategory results aggregation completed.
2024-06-27T05:20:40.726Z info: Subcategory results aggregation completed.
2024-06-27T05:20:50.734Z info: Subcategory results aggregation completed.
2024-06-27T05:21:00.745Z info: Subcategory results aggregation completed.
2024-06-27T05:21:10.758Z info: Subcategory results aggregation completed.
2024-06-27T05:21:20.766Z info: Subcategory results aggregation completed.
2024-06-27T05:21:30.777Z info: Subcategory results aggregation completed.
2024-06-27T05:21:40.787Z info: Subcategory results aggregation completed.
2024-06-27T05:21:50.797Z info: Subcategory results aggregation completed.
2024-06-27T05:22:00.798Z info: Subcategory results aggregation completed.
2024-06-27T05:22:10.809Z info: Subcategory results aggregation completed.
2024-06-27T05:22:20.814Z info: Subcategory results aggregation completed.
2024-06-27T05:22:30.824Z info: Subcategory results aggregation completed.
2024-06-27T05:22:40.823Z info: Subcategory results aggregation completed.
2024-06-27T05:22:50.852Z info: Subcategory results aggregation completed.
2024-06-27T05:23:00.835Z info: Subcategory results aggregation completed.
2024-06-27T05:23:10.866Z info: Subcategory results aggregation completed.
2024-06-27T05:23:20.856Z info: Subcategory results aggregation completed.
2024-06-27T05:23:30.864Z info: Subcategory results aggregation completed.
2024-06-27T05:23:40.943Z info: Subcategory results aggregation completed.
2024-06-27T05:23:50.878Z info: Subcategory results aggregation completed.
2024-06-27T05:24:00.886Z info: Subcategory results aggregation completed.
2024-06-27T05:24:10.895Z info: Subcategory results aggregation completed.
2024-06-27T05:24:20.910Z info: Subcategory results aggregation completed.
2024-06-27T05:24:30.915Z info: Subcategory results aggregation completed.
2024-06-27T05:24:40.931Z info: Subcategory results aggregation completed.
2024-06-27T05:24:50.934Z info: Subcategory results aggregation completed.
2024-06-27T05:25:00.941Z info: Subcategory results aggregation completed.
2024-06-27T05:25:10.947Z info: Subcategory results aggregation completed.
2024-06-27T05:25:20.958Z info: Subcategory results aggregation completed.
2024-06-27T05:25:30.972Z info: Subcategory results aggregation completed.
2024-06-27T05:25:40.980Z info: Subcategory results aggregation completed.
2024-06-27T05:25:50.981Z info: Subcategory results aggregation completed.
2024-06-27T05:26:00.994Z info: Subcategory results aggregation completed.
2024-06-27T05:26:10.993Z info: Subcategory results aggregation completed.
2024-06-27T05:26:21.009Z info: Subcategory results aggregation completed.
2024-06-27T05:26:31.024Z info: Subcategory results aggregation completed.
2024-06-27T05:26:41.032Z info: Subcategory results aggregation completed.
2024-06-27T05:26:51.040Z info: Subcategory results aggregation completed.
2024-06-27T05:27:01.045Z info: Subcategory results aggregation completed.
2024-06-27T05:27:11.050Z info: Subcategory results aggregation completed.
2024-06-27T05:27:21.064Z info: Subcategory results aggregation completed.
2024-06-27T05:27:31.078Z info: Subcategory results aggregation completed.
2024-06-27T05:27:41.083Z info: Subcategory results aggregation completed.
2024-06-27T05:27:51.091Z info: Subcategory results aggregation completed.
2024-06-27T05:28:01.094Z info: Subcategory results aggregation completed.
2024-06-27T05:28:11.100Z info: Subcategory results aggregation completed.
2024-06-27T05:28:21.115Z info: Subcategory results aggregation completed.
2024-06-27T05:28:31.130Z info: Subcategory results aggregation completed.
2024-06-27T05:28:41.141Z info: Subcategory results aggregation completed.
2024-06-27T05:28:51.143Z info: Subcategory results aggregation completed.
2024-06-27T05:29:01.152Z info: Subcategory results aggregation completed.
2024-06-27T05:29:11.152Z info: Subcategory results aggregation completed.
2024-06-27T05:29:21.160Z info: Subcategory results aggregation completed.
2024-06-27T05:29:31.162Z info: Subcategory results aggregation completed.
2024-06-27T05:29:41.168Z info: Subcategory results aggregation completed.
2024-06-27T05:29:51.176Z info: Subcategory results aggregation completed.
2024-06-27T05:30:01.179Z info: Subcategory results aggregation completed.
2024-06-27T05:30:11.185Z info: Subcategory results aggregation completed.
2024-06-27T05:30:21.194Z info: Subcategory results aggregation completed.
2024-06-27T05:30:31.207Z info: Subcategory results aggregation completed.
2024-06-27T05:30:41.219Z info: Subcategory results aggregation completed.
2024-06-27T05:30:51.223Z info: Subcategory results aggregation completed.
2024-06-27T05:31:01.242Z info: Subcategory results aggregation completed.
2024-06-27T05:31:11.252Z info: Subcategory results aggregation completed.
2024-06-27T05:31:21.267Z info: Subcategory results aggregation completed.
2024-06-27T05:31:31.275Z info: Subcategory results aggregation completed.
2024-06-27T05:31:41.281Z info: Subcategory results aggregation completed.
2024-06-27T05:31:51.286Z info: Subcategory results aggregation completed.
2024-06-27T05:32:01.307Z info: Subcategory results aggregation completed.
2024-06-27T05:32:11.538Z info: Subcategory results aggregation completed.
2024-06-27T05:32:21.349Z info: Subcategory results aggregation completed.
2024-06-27T05:32:32.141Z info: Subcategory results aggregation completed.
2024-06-27T05:32:41.964Z info: Subcategory results aggregation completed.
2024-06-27T05:32:51.978Z info: Subcategory results aggregation completed.
2024-06-27T05:33:01.983Z info: Subcategory results aggregation completed.
2024-06-27T05:33:11.995Z info: Subcategory results aggregation completed.
2024-06-27T05:33:22.063Z info: Subcategory results aggregation completed.
2024-06-27T05:33:32.072Z info: Subcategory results aggregation completed.
2024-06-27T05:33:41.999Z info: Subcategory results aggregation completed.
2024-06-27T05:33:52.000Z info: Subcategory results aggregation completed.
2024-06-27T05:34:02.010Z info: Subcategory results aggregation completed.
2024-06-27T05:34:12.064Z info: Subcategory results aggregation completed.
2024-06-27T05:34:22.023Z info: Subcategory results aggregation completed.
2024-06-27T05:34:32.032Z info: Subcategory results aggregation completed.
2024-06-27T05:34:42.035Z info: Subcategory results aggregation completed.
2024-06-27T05:34:52.037Z info: Subcategory results aggregation completed.
2024-06-27T05:35:02.036Z info: Subcategory results aggregation completed.
2024-06-27T05:35:12.051Z info: Subcategory results aggregation completed.
2024-06-27T05:35:22.052Z info: Subcategory results aggregation completed.
2024-06-27T05:35:32.066Z info: Subcategory results aggregation completed.
2024-06-27T05:35:42.080Z info: Subcategory results aggregation completed.
2024-06-27T05:35:52.081Z info: Subcategory results aggregation completed.
2024-06-27T05:36:02.081Z info: Subcategory results aggregation completed.
2024-06-27T05:36:12.086Z info: Subcategory results aggregation completed.
2024-06-27T05:36:22.104Z info: Subcategory results aggregation completed.
2024-06-27T05:36:32.113Z info: Subcategory results aggregation completed.
2024-06-27T05:36:42.119Z info: Subcategory results aggregation completed.
2024-06-27T05:36:52.131Z info: Subcategory results aggregation completed.
2024-06-27T05:37:02.146Z info: Subcategory results aggregation completed.
2024-06-27T05:37:12.159Z info: Subcategory results aggregation completed.
2024-06-27T05:37:22.181Z info: Subcategory results aggregation completed.
2024-06-27T05:37:32.179Z info: Subcategory results aggregation completed.
2024-06-27T05:37:42.190Z info: Subcategory results aggregation completed.
2024-06-27T05:37:52.204Z info: Subcategory results aggregation completed.
2024-06-27T05:38:02.201Z info: Subcategory results aggregation completed.
2024-06-27T05:38:12.213Z info: Subcategory results aggregation completed.
2024-06-27T05:38:22.214Z info: Subcategory results aggregation completed.
2024-06-27T05:38:32.224Z info: Subcategory results aggregation completed.
2024-06-27T05:38:42.231Z info: Subcategory results aggregation completed.
2024-06-27T05:38:52.241Z info: Subcategory results aggregation completed.
2024-06-27T05:39:02.241Z info: Subcategory results aggregation completed.
2024-06-27T05:39:12.242Z info: Subcategory results aggregation completed.
2024-06-27T05:39:22.244Z info: Subcategory results aggregation completed.
2024-06-27T05:39:32.252Z info: Subcategory results aggregation completed.
2024-06-27T05:39:42.249Z info: Subcategory results aggregation completed.
2024-06-27T05:39:52.254Z info: Subcategory results aggregation completed.
2024-06-27T05:40:02.254Z info: Subcategory results aggregation completed.
2024-06-27T05:40:12.259Z info: Subcategory results aggregation completed.
2024-06-27T05:40:22.275Z info: Subcategory results aggregation completed.
2024-06-27T05:40:32.278Z info: Subcategory results aggregation completed.
2024-06-27T05:40:42.279Z info: Subcategory results aggregation completed.
2024-06-27T05:40:52.283Z info: Subcategory results aggregation completed.
2024-06-27T05:41:02.285Z info: Subcategory results aggregation completed.
2024-06-27T05:41:12.284Z info: Subcategory results aggregation completed.
2024-06-27T05:41:22.291Z info: Subcategory results aggregation completed.
2024-06-27T05:41:32.308Z info: Subcategory results aggregation completed.
2024-06-27T05:41:42.321Z info: Subcategory results aggregation completed.
2024-06-27T05:41:52.327Z info: Subcategory results aggregation completed.
2024-06-27T05:42:02.333Z info: Subcategory results aggregation completed.
2024-06-27T05:42:12.341Z info: Subcategory results aggregation completed.
2024-06-27T05:42:22.356Z info: Subcategory results aggregation completed.
2024-06-27T05:42:32.366Z info: Subcategory results aggregation completed.
2024-06-27T05:42:42.467Z info: Subcategory results aggregation completed.
2024-06-27T05:42:52.391Z info: Subcategory results aggregation completed.
2024-06-27T05:43:02.401Z info: Subcategory results aggregation completed.
2024-06-27T05:43:12.402Z info: Subcategory results aggregation completed.
2024-06-27T05:43:22.417Z info: Subcategory results aggregation completed.
2024-06-27T05:43:32.479Z info: Subcategory results aggregation completed.
2024-06-27T05:43:42.441Z info: Subcategory results aggregation completed.
2024-06-27T05:43:52.727Z info: Subcategory results aggregation completed.
2024-06-27T05:44:02.442Z info: Subcategory results aggregation completed.
2024-06-27T05:44:12.440Z info: Subcategory results aggregation completed.
2024-06-27T05:44:22.702Z info: Subcategory results aggregation completed.
2024-06-27T05:44:32.461Z info: Subcategory results aggregation completed.
2024-06-27T05:44:42.461Z info: Subcategory results aggregation completed.
2024-06-27T05:45:24.810Z info: Subcategory results aggregation completed.
2024-06-27T05:45:34.405Z info: Subcategory results aggregation completed.
2024-06-27T05:45:44.752Z info: Subcategory results aggregation completed.
2024-06-27T05:45:54.525Z info: Subcategory results aggregation completed.
2024-06-27T05:46:04.540Z info: Subcategory results aggregation completed.
2024-06-27T05:46:14.538Z info: Subcategory results aggregation completed.
2024-06-27T05:46:24.545Z info: Subcategory results aggregation completed.
2024-06-27T05:46:35.039Z info: Subcategory results aggregation completed.
2024-06-27T05:46:44.549Z info: Subcategory results aggregation completed.
2024-06-27T05:46:54.555Z info: Subcategory results aggregation completed.
2024-06-27T05:47:04.577Z info: Subcategory results aggregation completed.
2024-06-27T05:47:14.616Z info: Subcategory results aggregation completed.
2024-06-27T05:47:24.577Z info: Subcategory results aggregation completed.
2024-06-27T05:47:34.586Z info: Subcategory results aggregation completed.
2024-06-27T05:47:44.922Z info: Subcategory results aggregation completed.
2024-06-27T05:47:54.624Z info: Subcategory results aggregation completed.
2024-06-27T05:48:04.619Z info: Subcategory results aggregation completed.
2024-06-27T05:48:14.646Z info: Subcategory results aggregation completed.
2024-06-27T05:48:24.644Z info: Subcategory results aggregation completed.
2024-06-27T05:48:34.658Z info: Subcategory results aggregation completed.
2024-06-27T05:48:44.663Z info: Subcategory results aggregation completed.
2024-06-27T05:48:54.685Z info: Subcategory results aggregation completed.
2024-06-27T05:49:04.694Z info: Subcategory results aggregation completed.
2024-06-27T05:49:14.693Z info: Subcategory results aggregation completed.
2024-06-27T05:49:24.696Z info: Subcategory results aggregation completed.
2024-06-27T05:49:34.709Z info: Subcategory results aggregation completed.
2024-06-27T05:49:44.715Z info: Subcategory results aggregation completed.
2024-06-27T05:49:54.723Z info: Subcategory results aggregation completed.
2024-06-27T05:50:04.729Z info: Subcategory results aggregation completed.
2024-06-27T05:50:14.739Z info: Subcategory results aggregation completed.
2024-06-27T05:50:24.742Z info: Subcategory results aggregation completed.
2024-06-27T05:50:34.748Z info: Subcategory results aggregation completed.
2024-06-27T05:50:44.765Z info: Subcategory results aggregation completed.
2024-06-27T05:50:54.774Z info: Subcategory results aggregation completed.
2024-06-27T05:51:04.788Z info: Subcategory results aggregation completed.
2024-06-27T05:51:14.791Z info: Subcategory results aggregation completed.
2024-06-27T05:51:24.801Z info: Subcategory results aggregation completed.
2024-06-27T05:51:34.812Z info: Subcategory results aggregation completed.
2024-06-27T05:51:44.834Z info: Subcategory results aggregation completed.
2024-06-27T05:51:54.855Z info: Subcategory results aggregation completed.
2024-06-27T05:52:04.849Z info: Subcategory results aggregation completed.
2024-06-27T05:52:15.469Z info: Subcategory results aggregation completed.
2024-06-27T05:52:24.852Z info: Subcategory results aggregation completed.
2024-06-27T05:52:34.862Z info: Subcategory results aggregation completed.
2024-06-27T05:52:45.047Z info: Subcategory results aggregation completed.
2024-06-27T05:52:54.893Z info: Subcategory results aggregation completed.
2024-06-27T05:53:04.900Z info: Subcategory results aggregation completed.
2024-06-27T05:53:14.911Z info: Subcategory results aggregation completed.
2024-06-27T05:53:24.913Z info: Subcategory results aggregation completed.
2024-06-27T05:53:34.920Z info: Subcategory results aggregation completed.
2024-06-27T05:53:45.429Z info: Subcategory results aggregation completed.
2024-06-27T05:53:54.951Z info: Subcategory results aggregation completed.
2024-06-27T05:54:04.942Z info: Subcategory results aggregation completed.
2024-06-27T05:54:15.008Z info: Subcategory results aggregation completed.
2024-06-27T05:54:24.949Z info: Subcategory results aggregation completed.
2024-06-27T05:54:34.950Z info: Subcategory results aggregation completed.
2024-06-27T05:54:44.952Z info: Subcategory results aggregation completed.
2024-06-27T05:54:54.956Z info: Subcategory results aggregation completed.
2024-06-27T05:55:04.987Z info: Subcategory results aggregation completed.
2024-06-27T05:55:14.973Z info: Subcategory results aggregation completed.
2024-06-27T05:55:24.985Z info: Subcategory results aggregation completed.
2024-06-27T05:55:34.991Z info: Subcategory results aggregation completed.
2024-06-27T05:55:45.003Z info: Subcategory results aggregation completed.
2024-06-27T05:55:55.017Z info: Subcategory results aggregation completed.
2024-06-27T05:56:05.038Z info: Subcategory results aggregation completed.
2024-06-27T05:56:15.043Z info: Subcategory results aggregation completed.
2024-06-27T05:56:25.031Z info: Subcategory results aggregation completed.
2024-06-27T05:56:35.033Z info: Subcategory results aggregation completed.
2024-06-27T05:56:45.058Z info: Subcategory results aggregation completed.
2024-06-27T05:56:55.069Z info: Subcategory results aggregation completed.
2024-06-27T05:57:05.084Z info: Subcategory results aggregation completed.
2024-06-27T05:57:15.117Z info: Subcategory results aggregation completed.
2024-06-27T05:57:42.571Z info: Subcategory results aggregation completed.
2024-06-27T05:57:52.567Z info: Subcategory results aggregation completed.
2024-06-27T05:58:02.580Z info: Subcategory results aggregation completed.
2024-06-27T05:58:28.578Z info: Subcategory results aggregation completed.
2024-06-27T05:58:38.561Z info: Subcategory results aggregation completed.
2024-06-27T05:59:09.541Z info: Subcategory results aggregation completed.
2024-06-27T05:59:19.530Z info: Subcategory results aggregation completed.
2024-06-27T05:59:29.554Z info: Subcategory results aggregation completed.
2024-06-27T05:59:39.558Z info: Subcategory results aggregation completed.
2024-06-27T05:59:49.566Z info: Subcategory results aggregation completed.
2024-06-27T06:00:16.782Z info: Subcategory results aggregation completed.
2024-06-27T06:00:26.766Z info: Subcategory results aggregation completed.
2024-06-27T06:00:49.175Z info: Subcategory results aggregation completed.
2024-06-27T06:00:59.203Z info: Subcategory results aggregation completed.
2024-06-27T06:01:09.192Z info: Subcategory results aggregation completed.
2024-06-27T06:01:19.198Z info: Subcategory results aggregation completed.
2024-06-27T06:01:29.201Z info: Subcategory results aggregation completed.
2024-06-27T06:01:39.246Z info: Subcategory results aggregation completed.
2024-06-27T06:02:24.030Z info: Subcategory results aggregation completed.
2024-06-27T06:02:34.019Z info: Subcategory results aggregation completed.
2024-06-27T06:02:44.019Z info: Subcategory results aggregation completed.
2024-06-27T06:02:54.031Z info: Subcategory results aggregation completed.
2024-06-27T06:03:04.037Z info: Subcategory results aggregation completed.
2024-06-27T06:03:14.040Z info: Subcategory results aggregation completed.
2024-06-27T06:03:24.051Z info: Subcategory results aggregation completed.
2024-06-27T06:03:34.063Z info: Subcategory results aggregation completed.
2024-06-27T06:03:44.067Z info: Subcategory results aggregation completed.
2024-06-27T06:03:54.184Z info: Subcategory results aggregation completed.
2024-06-27T06:04:04.097Z info: Subcategory results aggregation completed.
2024-06-27T06:04:14.097Z info: Subcategory results aggregation completed.
2024-06-27T06:04:24.098Z info: Subcategory results aggregation completed.
2024-06-27T06:04:34.115Z info: Subcategory results aggregation completed.
2024-06-27T06:04:44.123Z info: Subcategory results aggregation completed.
2024-06-27T06:04:54.310Z info: Subcategory results aggregation completed.
2024-06-27T06:05:04.162Z info: Subcategory results aggregation completed.
2024-06-27T06:05:14.174Z info: Subcategory results aggregation completed.
2024-06-27T06:05:39.431Z info: Subcategory results aggregation completed.
2024-06-27T06:05:49.423Z info: Subcategory results aggregation completed.
2024-06-27T06:05:59.431Z info: Subcategory results aggregation completed.
2024-06-27T06:06:09.443Z info: Subcategory results aggregation completed.
2024-06-27T06:06:19.448Z info: Subcategory results aggregation completed.
2024-06-27T06:06:29.575Z info: Subcategory results aggregation completed.
2024-06-27T06:06:39.471Z info: Subcategory results aggregation completed.
2024-06-27T06:06:49.482Z info: Subcategory results aggregation completed.
2024-06-27T06:06:59.480Z info: Subcategory results aggregation completed.
2024-06-27T06:07:09.491Z info: Subcategory results aggregation completed.
2024-06-27T06:07:19.498Z info: Subcategory results aggregation completed.
2024-06-27T06:07:29.502Z info: Subcategory results aggregation completed.
2024-06-27T06:07:39.518Z info: Subcategory results aggregation completed.
2024-06-27T06:07:49.524Z info: Subcategory results aggregation completed.
2024-06-27T06:07:59.537Z info: Subcategory results aggregation completed.
2024-06-27T06:08:09.523Z info: Subcategory results aggregation completed.
2024-06-27T06:08:19.533Z info: Subcategory results aggregation completed.
2024-06-27T06:08:29.546Z info: Subcategory results aggregation completed.
2024-06-27T06:08:39.558Z info: Subcategory results aggregation completed.
2024-06-27T06:08:49.571Z info: Subcategory results aggregation completed.
2024-06-27T06:08:59.583Z info: Subcategory results aggregation completed.
2024-06-27T06:09:09.587Z info: Subcategory results aggregation completed.
2024-06-27T06:09:19.594Z info: Subcategory results aggregation completed.
2024-06-27T06:09:29.606Z info: Subcategory results aggregation completed.
2024-06-27T06:09:39.668Z info: Subcategory results aggregation completed.
2024-06-27T06:09:49.619Z info: Subcategory results aggregation completed.
2024-06-27T06:09:59.624Z info: Subcategory results aggregation completed.
2024-06-27T06:10:09.918Z info: Subcategory results aggregation completed.
2024-06-27T06:10:19.635Z info: Subcategory results aggregation completed.
2024-06-27T06:10:49.745Z info: Subcategory results aggregation completed.
2024-06-27T06:10:59.711Z info: Subcategory results aggregation completed.
2024-06-27T06:11:09.718Z info: Subcategory results aggregation completed.
2024-06-27T06:11:19.731Z info: Subcategory results aggregation completed.
2024-06-27T06:11:29.723Z info: Subcategory results aggregation completed.
2024-06-27T06:11:40.097Z info: Subcategory results aggregation completed.
2024-06-27T06:11:49.785Z info: Subcategory results aggregation completed.
2024-06-27T06:12:15.308Z info: Subcategory results aggregation completed.
2024-06-27T06:12:25.302Z info: Subcategory results aggregation completed.
2024-06-27T06:12:35.301Z info: Subcategory results aggregation completed.
2024-06-27T06:12:45.300Z info: Subcategory results aggregation completed.
2024-06-27T06:12:55.312Z info: Subcategory results aggregation completed.
2024-06-27T06:13:05.322Z info: Subcategory results aggregation completed.
2024-06-27T06:13:15.323Z info: Subcategory results aggregation completed.
2024-06-27T06:13:25.337Z info: Subcategory results aggregation completed.
2024-06-27T06:13:35.346Z info: Subcategory results aggregation completed.
2024-06-27T06:13:45.925Z info: Subcategory results aggregation completed.
2024-06-27T06:14:11.910Z info: Subcategory results aggregation completed.
2024-06-27T06:14:21.786Z info: Subcategory results aggregation completed.
2024-06-27T06:14:31.810Z info: Subcategory results aggregation completed.
2024-06-27T06:14:41.799Z info: Subcategory results aggregation completed.
2024-06-27T06:14:51.814Z info: Subcategory results aggregation completed.
2024-06-27T06:15:01.829Z info: Subcategory results aggregation completed.
2024-06-27T06:15:11.810Z info: Subcategory results aggregation completed.
2024-06-27T06:15:21.809Z info: Subcategory results aggregation completed.
2024-06-27T06:15:31.842Z info: Subcategory results aggregation completed.
2024-06-27T06:15:41.835Z info: Subcategory results aggregation completed.
2024-06-27T06:15:51.848Z info: Subcategory results aggregation completed.
2024-06-27T06:16:01.927Z info: Subcategory results aggregation completed.
2024-06-27T06:16:11.863Z info: Subcategory results aggregation completed.
2024-06-27T06:16:21.866Z info: Subcategory results aggregation completed.
2024-06-27T06:16:31.880Z info: Subcategory results aggregation completed.
2024-06-27T06:16:41.892Z info: Subcategory results aggregation completed.
2024-06-27T06:16:51.907Z info: Subcategory results aggregation completed.
2024-06-27T06:17:01.906Z info: Subcategory results aggregation completed.
2024-06-27T06:17:11.971Z info: Subcategory results aggregation completed.
2024-06-27T06:17:35.332Z info: Subcategory results aggregation completed.
2024-06-27T06:17:45.275Z info: Subcategory results aggregation completed.
2024-06-27T06:17:55.310Z info: Subcategory results aggregation completed.
2024-06-27T06:18:05.289Z info: Subcategory results aggregation completed.
2024-06-27T06:18:15.291Z info: Subcategory results aggregation completed.
2024-06-27T06:18:25.305Z info: Subcategory results aggregation completed.
2024-06-27T06:18:35.305Z info: Subcategory results aggregation completed.
2024-06-27T06:18:45.316Z info: Subcategory results aggregation completed.
2024-06-27T06:18:55.318Z info: Subcategory results aggregation completed.
2024-06-27T06:19:05.326Z info: Subcategory results aggregation completed.
2024-06-27T06:19:15.328Z info: Subcategory results aggregation completed.
2024-06-27T06:19:25.339Z info: Subcategory results aggregation completed.
2024-06-27T06:19:35.341Z info: Subcategory results aggregation completed.
2024-06-27T06:19:45.346Z info: Subcategory results aggregation completed.
2024-06-27T06:19:55.346Z info: Subcategory results aggregation completed.
2024-06-27T06:20:05.352Z info: Subcategory results aggregation completed.
2024-06-27T06:20:15.370Z info: Subcategory results aggregation completed.
2024-06-27T06:20:25.370Z info: Subcategory results aggregation completed.
2024-06-27T06:20:35.382Z info: Subcategory results aggregation completed.
2024-06-27T06:20:45.393Z info: Subcategory results aggregation completed.
2024-06-27T06:20:55.395Z info: Subcategory results aggregation completed.
2024-06-27T06:21:05.399Z info: Subcategory results aggregation completed.
2024-06-27T06:21:15.407Z info: Subcategory results aggregation completed.
2024-06-27T06:21:25.414Z info: Subcategory results aggregation completed.
2024-06-27T06:21:35.424Z info: Subcategory results aggregation completed.
2024-06-27T06:21:45.432Z info: Subcategory results aggregation completed.
2024-06-27T06:21:55.445Z info: Subcategory results aggregation completed.
2024-06-27T06:22:05.455Z info: Subcategory results aggregation completed.
2024-06-27T06:22:15.457Z info: Subcategory results aggregation completed.
2024-06-27T06:22:25.464Z info: Subcategory results aggregation completed.
2024-06-27T06:22:35.461Z info: Subcategory results aggregation completed.
2024-06-27T06:22:45.469Z info: Subcategory results aggregation completed.
2024-06-27T06:22:55.474Z info: Subcategory results aggregation completed.
2024-06-27T06:23:05.509Z info: Subcategory results aggregation completed.
2024-06-27T06:23:15.499Z info: Subcategory results aggregation completed.
2024-06-27T06:23:25.500Z info: Subcategory results aggregation completed.
2024-06-27T06:23:35.503Z info: Subcategory results aggregation completed.
2024-06-27T06:23:45.532Z info: Subcategory results aggregation completed.
2024-06-27T06:23:55.519Z info: Subcategory results aggregation completed.
2024-06-27T06:24:05.519Z info: Subcategory results aggregation completed.
2024-06-27T06:24:15.520Z info: Subcategory results aggregation completed.
2024-06-27T06:24:25.527Z info: Subcategory results aggregation completed.
2024-06-27T06:24:35.536Z info: Subcategory results aggregation completed.
2024-06-27T06:24:45.541Z info: Subcategory results aggregation completed.
2024-06-27T06:24:55.545Z info: Subcategory results aggregation completed.
2024-06-27T06:25:05.561Z info: Subcategory results aggregation completed.
2024-06-27T06:25:15.566Z info: Subcategory results aggregation completed.
2024-06-27T06:25:25.573Z info: Subcategory results aggregation completed.
2024-06-27T06:25:35.585Z info: Subcategory results aggregation completed.
2024-06-27T06:25:45.600Z info: Subcategory results aggregation completed.
2024-06-27T06:25:55.623Z info: Subcategory results aggregation completed.
2024-06-27T06:26:05.608Z info: Subcategory results aggregation completed.
2024-06-27T06:26:15.612Z info: Subcategory results aggregation completed.
2024-06-27T06:26:25.635Z info: Subcategory results aggregation completed.
2024-06-27T06:26:35.671Z info: Subcategory results aggregation completed.
2024-06-27T06:26:45.641Z info: Subcategory results aggregation completed.
2024-06-27T06:26:55.663Z info: Subcategory results aggregation completed.
2024-06-27T06:27:05.666Z info: Subcategory results aggregation completed.
2024-06-27T06:27:15.654Z info: Subcategory results aggregation completed.
2024-06-27T06:27:25.655Z info: Subcategory results aggregation completed.
2024-06-27T06:27:35.676Z info: Subcategory results aggregation completed.
2024-06-27T06:27:45.665Z info: Subcategory results aggregation completed.
2024-06-27T06:27:55.668Z info: Subcategory results aggregation completed.
2024-06-27T06:28:05.712Z info: Subcategory results aggregation completed.
2024-06-27T06:28:15.690Z info: Subcategory results aggregation completed.
2024-06-27T06:28:25.690Z info: Subcategory results aggregation completed.
2024-06-27T06:28:35.694Z info: Subcategory results aggregation completed.
2024-06-27T06:28:45.707Z info: Subcategory results aggregation completed.
2024-06-27T06:28:55.708Z info: Subcategory results aggregation completed.
2024-06-27T06:29:05.722Z info: Subcategory results aggregation completed.
2024-06-27T06:29:15.729Z info: Subcategory results aggregation completed.
2024-06-27T06:29:25.742Z info: Subcategory results aggregation completed.
2024-06-27T06:29:35.741Z info: Subcategory results aggregation completed.
2024-06-27T06:29:45.747Z info: Subcategory results aggregation completed.
2024-06-27T06:29:55.763Z info: Subcategory results aggregation completed.
2024-06-27T06:30:05.792Z info: Subcategory results aggregation completed.
2024-06-27T06:30:15.780Z info: Subcategory results aggregation completed.
2024-06-27T06:30:25.784Z info: Subcategory results aggregation completed.
2024-06-27T06:30:35.794Z info: Subcategory results aggregation completed.
2024-06-27T06:30:45.804Z info: Subcategory results aggregation completed.
2024-06-27T06:30:55.812Z info: Subcategory results aggregation completed.
2024-06-27T06:31:05.823Z info: Subcategory results aggregation completed.
2024-06-27T06:31:15.822Z info: Subcategory results aggregation completed.
2024-06-27T06:31:25.823Z info: Subcategory results aggregation completed.
2024-06-27T06:31:35.836Z info: Subcategory results aggregation completed.
2024-06-27T06:31:45.837Z info: Subcategory results aggregation completed.
2024-06-27T06:31:55.838Z info: Subcategory results aggregation completed.
2024-06-27T06:32:05.843Z info: Subcategory results aggregation completed.
2024-06-27T06:32:15.872Z info: Subcategory results aggregation completed.
2024-06-27T06:32:25.844Z info: Subcategory results aggregation completed.
2024-06-27T06:32:35.849Z info: Subcategory results aggregation completed.
2024-06-27T06:32:45.855Z info: Subcategory results aggregation completed.
2024-06-27T06:32:55.868Z info: Subcategory results aggregation completed.
2024-06-27T06:33:05.955Z info: Subcategory results aggregation completed.
2024-06-27T06:33:15.890Z info: Subcategory results aggregation completed.
2024-06-27T06:33:25.877Z info: Subcategory results aggregation completed.
2024-06-27T06:33:35.883Z info: Subcategory results aggregation completed.
2024-06-27T06:33:45.890Z info: Subcategory results aggregation completed.
2024-06-27T06:33:55.922Z info: Subcategory results aggregation completed.
2024-06-27T06:34:05.915Z info: Subcategory results aggregation completed.
2024-06-27T06:34:15.920Z info: Subcategory results aggregation completed.
2024-06-27T06:34:25.994Z info: Subcategory results aggregation completed.
2024-06-27T06:34:35.931Z info: Subcategory results aggregation completed.
2024-06-27T06:34:45.936Z info: Subcategory results aggregation completed.
2024-06-27T06:34:55.941Z info: Subcategory results aggregation completed.
2024-06-27T06:35:05.949Z info: Subcategory results aggregation completed.
2024-06-27T06:35:16.026Z info: Subcategory results aggregation completed.
2024-06-27T06:35:25.966Z info: Subcategory results aggregation completed.
2024-06-27T06:35:35.975Z info: Subcategory results aggregation completed.
2024-06-27T06:35:45.984Z info: Subcategory results aggregation completed.
2024-06-27T06:35:55.997Z info: Subcategory results aggregation completed.
2024-06-27T06:36:06.011Z info: Subcategory results aggregation completed.
2024-06-27T06:36:16.005Z info: Subcategory results aggregation completed.
2024-06-27T06:36:26.007Z info: Subcategory results aggregation completed.
2024-06-27T06:36:36.016Z info: Subcategory results aggregation completed.
2024-06-27T06:36:46.018Z info: Subcategory results aggregation completed.
2024-06-27T06:36:56.028Z info: Subcategory results aggregation completed.
2024-06-27T06:37:06.033Z info: Subcategory results aggregation completed.
2024-06-27T06:37:16.046Z info: Subcategory results aggregation completed.
2024-06-27T06:37:26.060Z info: Subcategory results aggregation completed.
2024-06-27T06:37:36.063Z info: Subcategory results aggregation completed.
2024-06-27T06:37:46.081Z info: Subcategory results aggregation completed.
2024-06-27T06:37:56.083Z info: Subcategory results aggregation completed.
2024-06-27T06:38:06.086Z info: Subcategory results aggregation completed.
2024-06-27T06:38:16.103Z info: Subcategory results aggregation completed.
2024-06-27T06:38:26.112Z info: Subcategory results aggregation completed.
2024-06-27T06:38:36.115Z info: Subcategory results aggregation completed.
2024-06-27T06:38:46.129Z info: Subcategory results aggregation completed.
2024-06-27T06:38:56.136Z info: Subcategory results aggregation completed.
2024-06-27T06:39:06.168Z info: Subcategory results aggregation completed.
2024-06-27T06:39:16.141Z info: Subcategory results aggregation completed.
2024-06-27T06:39:26.156Z info: Subcategory results aggregation completed.
2024-06-27T06:39:36.158Z info: Subcategory results aggregation completed.
2024-06-27T06:39:46.169Z info: Subcategory results aggregation completed.
2024-06-27T06:39:56.171Z info: Subcategory results aggregation completed.
2024-06-27T06:40:06.180Z info: Subcategory results aggregation completed.
2024-06-27T06:40:16.204Z info: Subcategory results aggregation completed.
2024-06-27T06:40:26.187Z info: Subcategory results aggregation completed.
2024-06-27T06:40:36.196Z info: Subcategory results aggregation completed.
2024-06-27T06:40:46.208Z info: Subcategory results aggregation completed.
2024-06-27T06:40:56.220Z info: Subcategory results aggregation completed.
2024-06-27T06:41:06.235Z info: Subcategory results aggregation completed.
2024-06-27T06:41:16.246Z info: Subcategory results aggregation completed.
2024-06-27T06:41:26.251Z info: Subcategory results aggregation completed.
2024-06-27T06:41:36.260Z info: Subcategory results aggregation completed.
2024-06-27T06:41:46.263Z info: Subcategory results aggregation completed.
2024-06-27T06:41:56.272Z info: Subcategory results aggregation completed.
2024-06-27T06:42:06.286Z info: Subcategory results aggregation completed.
2024-06-27T06:42:16.297Z info: Subcategory results aggregation completed.
2024-06-27T06:42:26.305Z info: Subcategory results aggregation completed.
2024-06-27T06:42:36.311Z info: Subcategory results aggregation completed.
2024-06-27T06:42:46.317Z info: Subcategory results aggregation completed.
2024-06-27T06:42:56.328Z info: Subcategory results aggregation completed.
2024-06-27T06:43:06.333Z info: Subcategory results aggregation completed.
2024-06-27T06:43:16.337Z info: Subcategory results aggregation completed.
2024-06-27T06:43:26.342Z info: Subcategory results aggregation completed.
2024-06-27T06:43:36.352Z info: Subcategory results aggregation completed.
2024-06-27T06:43:46.361Z info: Subcategory results aggregation completed.
2024-06-27T06:43:56.375Z info: Subcategory results aggregation completed.
2024-06-27T06:44:06.384Z info: Subcategory results aggregation completed.
2024-06-27T06:44:16.401Z info: Subcategory results aggregation completed.
2024-06-27T06:44:26.429Z info: Subcategory results aggregation completed.
2024-06-27T06:44:36.421Z info: Subcategory results aggregation completed.
2024-06-27T06:44:46.431Z info: Subcategory results aggregation completed.
2024-06-27T06:44:56.440Z info: Subcategory results aggregation completed.
2024-06-27T06:45:06.451Z info: Subcategory results aggregation completed.
2024-06-27T06:45:16.454Z info: Subcategory results aggregation completed.
2024-06-27T06:45:26.461Z info: Subcategory results aggregation completed.
2024-06-27T06:45:36.476Z info: Subcategory results aggregation completed.
2024-06-27T06:45:46.471Z info: Subcategory results aggregation completed.
2024-06-27T06:45:56.479Z info: Subcategory results aggregation completed.
2024-06-27T06:46:06.481Z info: Subcategory results aggregation completed.
2024-06-27T06:46:16.490Z info: Subcategory results aggregation completed.
2024-06-27T06:46:26.502Z info: Subcategory results aggregation completed.
2024-06-27T06:46:36.507Z info: Subcategory results aggregation completed.
2024-06-27T06:46:46.517Z info: Subcategory results aggregation completed.
2024-06-27T06:46:56.517Z info: Subcategory results aggregation completed.
2024-06-27T06:47:06.528Z info: Subcategory results aggregation completed.
2024-06-27T06:47:16.545Z info: Subcategory results aggregation completed.
2024-06-27T06:47:26.540Z info: Subcategory results aggregation completed.
2024-06-27T06:47:36.547Z info: Subcategory results aggregation completed.
2024-06-27T06:47:46.551Z info: Subcategory results aggregation completed.
2024-06-27T06:47:56.563Z info: Subcategory results aggregation completed.
2024-06-27T06:48:06.595Z info: Subcategory results aggregation completed.
2024-06-27T06:48:16.575Z info: Subcategory results aggregation completed.
2024-06-27T06:48:26.579Z info: Subcategory results aggregation completed.
2024-06-27T06:48:36.587Z info: Subcategory results aggregation completed.
2024-06-27T06:48:46.592Z info: Subcategory results aggregation completed.
2024-06-27T06:48:56.594Z info: Subcategory results aggregation completed.
2024-06-27T06:49:06.606Z info: Subcategory results aggregation completed.
2024-06-27T06:49:16.620Z info: Subcategory results aggregation completed.
2024-06-27T06:49:26.629Z info: Subcategory results aggregation completed.
2024-06-27T06:49:36.640Z info: Subcategory results aggregation completed.
2024-06-27T06:49:46.645Z info: Subcategory results aggregation completed.
2024-06-27T06:49:56.656Z info: Subcategory results aggregation completed.
2024-06-27T06:50:06.657Z info: Subcategory results aggregation completed.
2024-06-27T06:50:16.655Z info: Subcategory results aggregation completed.
2024-06-27T06:50:26.656Z info: Subcategory results aggregation completed.
2024-06-27T06:50:36.658Z info: Subcategory results aggregation completed.
2024-06-27T06:50:46.665Z info: Subcategory results aggregation completed.
2024-06-27T06:50:56.665Z info: Subcategory results aggregation completed.
2024-06-27T06:51:06.674Z info: Subcategory results aggregation completed.
2024-06-27T06:51:16.682Z info: Subcategory results aggregation completed.
2024-06-27T06:51:26.697Z info: Subcategory results aggregation completed.
2024-06-27T06:51:36.699Z info: Subcategory results aggregation completed.
2024-06-27T06:51:46.717Z info: Subcategory results aggregation completed.
2024-06-27T06:51:56.725Z info: Subcategory results aggregation completed.
2024-06-27T06:52:06.732Z info: Subcategory results aggregation completed.
2024-06-27T06:52:16.735Z info: Subcategory results aggregation completed.
2024-06-27T06:52:26.738Z info: Subcategory results aggregation completed.
2024-06-27T06:52:36.755Z info: Subcategory results aggregation completed.
2024-06-27T06:52:46.753Z info: Subcategory results aggregation completed.
2024-06-27T06:52:56.763Z info: Subcategory results aggregation completed.
2024-06-27T06:53:06.798Z info: Subcategory results aggregation completed.
2024-06-27T06:53:16.777Z info: Subcategory results aggregation completed.
2024-06-27T06:53:26.793Z info: Subcategory results aggregation completed.
2024-06-27T06:53:36.796Z info: Subcategory results aggregation completed.
2024-06-27T06:53:46.801Z info: Subcategory results aggregation completed.
2024-06-27T06:53:56.806Z info: Subcategory results aggregation completed.
2024-06-27T06:54:06.809Z info: Subcategory results aggregation completed.
2024-06-27T06:54:16.818Z info: Subcategory results aggregation completed.
2024-06-27T06:54:26.826Z info: Subcategory results aggregation completed.
2024-06-27T06:54:36.841Z info: Subcategory results aggregation completed.
2024-06-27T06:54:46.848Z info: Subcategory results aggregation completed.
2024-06-27T06:54:56.860Z info: Subcategory results aggregation completed.
2024-06-27T06:55:06.869Z info: Subcategory results aggregation completed.
2024-06-27T06:55:16.880Z info: Subcategory results aggregation completed.
2024-06-27T06:55:26.882Z info: Subcategory results aggregation completed.
2024-06-27T06:55:36.894Z info: Subcategory results aggregation completed.
2024-06-27T06:55:46.907Z info: Subcategory results aggregation completed.
2024-06-27T06:55:56.917Z info: Subcategory results aggregation completed.
2024-06-27T06:56:06.922Z info: Subcategory results aggregation completed.
2024-06-27T06:56:16.926Z info: Subcategory results aggregation completed.
2024-06-27T06:56:26.943Z info: Subcategory results aggregation completed.
2024-06-27T06:56:36.956Z info: Subcategory results aggregation completed.
2024-06-27T06:56:46.960Z info: Subcategory results aggregation completed.
2024-06-27T06:56:56.974Z info: Subcategory results aggregation completed.
2024-06-27T06:57:06.975Z info: Subcategory results aggregation completed.
2024-06-27T06:57:16.985Z info: Subcategory results aggregation completed.
2024-06-27T06:57:26.986Z info: Subcategory results aggregation completed.
2024-06-27T06:57:37.013Z info: Subcategory results aggregation completed.
2024-06-27T06:57:47.009Z info: Subcategory results aggregation completed.
2024-06-27T06:57:57.020Z info: Subcategory results aggregation completed.
2024-06-27T06:58:07.031Z info: Subcategory results aggregation completed.
2024-06-27T06:58:17.040Z info: Subcategory results aggregation completed.
2024-06-27T06:58:27.052Z info: Subcategory results aggregation completed.
2024-06-27T06:58:37.059Z info: Subcategory results aggregation completed.
2024-06-27T06:58:47.074Z info: Subcategory results aggregation completed.
2024-06-27T06:58:57.074Z info: Subcategory results aggregation completed.
2024-06-27T06:59:07.074Z info: Subcategory results aggregation completed.
2024-06-27T06:59:17.080Z info: Subcategory results aggregation completed.
2024-06-27T06:59:27.084Z info: Subcategory results aggregation completed.
2024-06-27T06:59:37.093Z info: Subcategory results aggregation completed.
2024-06-27T06:59:47.103Z info: Subcategory results aggregation completed.
2024-06-27T06:59:57.113Z info: Subcategory results aggregation completed.
2024-06-27T07:00:07.114Z info: Subcategory results aggregation completed.
2024-06-27T07:00:17.125Z info: Subcategory results aggregation completed.
2024-06-27T07:00:27.142Z info: Subcategory results aggregation completed.
2024-06-27T07:00:37.143Z info: Subcategory results aggregation completed.
2024-06-27T07:00:47.156Z info: Subcategory results aggregation completed.
2024-06-27T07:00:57.165Z info: Subcategory results aggregation completed.
2024-06-27T07:01:07.202Z info: Subcategory results aggregation completed.
2024-06-27T07:01:17.206Z info: Subcategory results aggregation completed.
2024-06-27T07:01:27.196Z info: Subcategory results aggregation completed.
2024-06-27T07:01:37.205Z info: Subcategory results aggregation completed.
2024-06-27T07:01:47.207Z info: Subcategory results aggregation completed.
2024-06-27T07:01:57.217Z info: Subcategory results aggregation completed.
2024-06-27T07:02:07.236Z info: Subcategory results aggregation completed.
2024-06-27T07:02:17.240Z info: Subcategory results aggregation completed.
2024-06-27T07:02:27.247Z info: Subcategory results aggregation completed.
2024-06-27T07:02:37.255Z info: Subcategory results aggregation completed.
2024-06-27T07:02:47.278Z info: Subcategory results aggregation completed.
2024-06-27T07:02:57.270Z info: Subcategory results aggregation completed.
2024-06-27T07:03:07.274Z info: Subcategory results aggregation completed.
2024-06-27T07:03:17.282Z info: Subcategory results aggregation completed.
2024-06-27T07:03:27.296Z info: Subcategory results aggregation completed.
2024-06-27T07:03:37.307Z info: Subcategory results aggregation completed.
2024-06-27T07:03:47.316Z info: Subcategory results aggregation completed.
2024-06-27T07:03:57.325Z info: Subcategory results aggregation completed.
2024-06-27T07:04:07.340Z info: Subcategory results aggregation completed.
2024-06-27T07:04:17.349Z info: Subcategory results aggregation completed.
2024-06-27T07:04:27.353Z info: Subcategory results aggregation completed.
2024-06-27T07:04:37.358Z info: Subcategory results aggregation completed.
2024-06-27T07:04:47.361Z info: Subcategory results aggregation completed.
2024-06-27T07:04:57.365Z info: Subcategory results aggregation completed.
2024-06-27T07:05:07.386Z info: Subcategory results aggregation completed.
2024-06-27T07:05:17.378Z info: Subcategory results aggregation completed.
2024-06-27T07:05:27.378Z info: Subcategory results aggregation completed.
2024-06-27T07:05:37.386Z info: Subcategory results aggregation completed.
2024-06-27T07:05:47.397Z info: Subcategory results aggregation completed.
2024-06-27T07:05:57.421Z info: Subcategory results aggregation completed.
2024-06-27T07:06:07.410Z info: Subcategory results aggregation completed.
2024-06-27T07:06:17.422Z info: Subcategory results aggregation completed.
2024-06-27T07:06:27.434Z info: Subcategory results aggregation completed.
2024-06-27T07:06:37.448Z info: Subcategory results aggregation completed.
2024-06-27T07:06:47.449Z info: Subcategory results aggregation completed.
2024-06-27T07:06:57.453Z info: Subcategory results aggregation completed.
2024-06-27T07:07:07.460Z info: Subcategory results aggregation completed.
2024-06-27T07:07:17.468Z info: Subcategory results aggregation completed.
2024-06-27T07:07:27.472Z info: Subcategory results aggregation completed.
2024-06-27T07:07:37.485Z info: Subcategory results aggregation completed.
2024-06-27T07:07:47.493Z info: Subcategory results aggregation completed.
2024-06-27T07:07:57.499Z info: Subcategory results aggregation completed.
2024-06-27T07:08:07.502Z info: Subcategory results aggregation completed.
2024-06-27T07:08:17.504Z info: Subcategory results aggregation completed.
2024-06-27T07:08:27.515Z info: Subcategory results aggregation completed.
2024-06-27T07:08:37.528Z info: Subcategory results aggregation completed.
2024-06-27T07:08:47.530Z info: Subcategory results aggregation completed.
2024-06-27T07:08:57.530Z info: Subcategory results aggregation completed.
2024-06-27T07:09:07.547Z info: Subcategory results aggregation completed.
2024-06-27T07:09:17.554Z info: Subcategory results aggregation completed.
2024-06-27T07:09:27.560Z info: Subcategory results aggregation completed.
2024-06-27T07:09:37.571Z info: Subcategory results aggregation completed.
2024-06-27T07:09:47.579Z info: Subcategory results aggregation completed.
2024-06-27T07:09:57.596Z info: Subcategory results aggregation completed.
2024-06-27T07:10:07.622Z info: Subcategory results aggregation completed.
2024-06-27T07:10:17.623Z info: Subcategory results aggregation completed.
2024-06-27T07:10:27.637Z info: Subcategory results aggregation completed.
2024-06-27T07:46:46.659Z error: TypeError: Cannot read properties of undefined (reading 'userId')
    at handleLosers (G:\mazadat\sockets\notifications.js:2987:34)
    at processEndingSubcategories (G:\mazadat\sockets\notifications.js:2874:13)
    at process.processTicksAndRejections (node:internal/process/task_queues:95:5)
    at async notifyAuctionEvents (G:\mazadat\sockets\notifications.js:2809:5)
2024-06-27T07:46:55.452Z error: TypeError: Cannot read properties of undefined (reading 'userId')
    at handleLosers (G:\mazadat\sockets\notifications.js:2987:34)
    at processEndingSubcategories (G:\mazadat\sockets\notifications.js:2874:13)
    at process.processTicksAndRejections (node:internal/process/task_queues:95:5)
    at async notifyAuctionEvents (G:\mazadat\sockets\notifications.js:2809:5)
2024-06-27T07:47:05.505Z error: TypeError: Cannot read properties of undefined (reading 'userId')
    at handleLosers (G:\mazadat\sockets\notifications.js:2987:34)
    at processEndingSubcategories (G:\mazadat\sockets\notifications.js:2874:13)
    at process.processTicksAndRejections (node:internal/process/task_queues:95:5)
    at async notifyAuctionEvents (G:\mazadat\sockets\notifications.js:2809:5)
2024-06-27T07:47:15.463Z error: TypeError: Cannot read properties of undefined (reading 'userId')
    at handleLosers (G:\mazadat\sockets\notifications.js:2987:34)
    at processEndingSubcategories (G:\mazadat\sockets\notifications.js:2874:13)
    at process.processTicksAndRejections (node:internal/process/task_queues:95:5)
    at async notifyAuctionEvents (G:\mazadat\sockets\notifications.js:2809:5)
2024-06-27T07:47:25.603Z error: TypeError: Cannot read properties of undefined (reading 'userId')
    at handleLosers (G:\mazadat\sockets\notifications.js:2987:34)
    at processEndingSubcategories (G:\mazadat\sockets\notifications.js:2874:13)
    at process.processTicksAndRejections (node:internal/process/task_queues:95:5)
    at async notifyAuctionEvents (G:\mazadat\sockets\notifications.js:2809:5)
2024-06-27T07:47:35.494Z error: TypeError: Cannot read properties of undefined (reading 'userId')
    at handleLosers (G:\mazadat\sockets\notifications.js:2987:34)
    at processEndingSubcategories (G:\mazadat\sockets\notifications.js:2874:13)
    at process.processTicksAndRejections (node:internal/process/task_queues:95:5)
    at async notifyAuctionEvents (G:\mazadat\sockets\notifications.js:2809:5)
2024-06-27T07:47:45.508Z error: TypeError: Cannot read properties of undefined (reading 'userId')
    at handleLosers (G:\mazadat\sockets\notifications.js:2987:34)
    at processEndingSubcategories (G:\mazadat\sockets\notifications.js:2874:13)
    at process.processTicksAndRejections (node:internal/process/task_queues:95:5)
    at async notifyAuctionEvents (G:\mazadat\sockets\notifications.js:2809:5)
2024-06-27T07:47:55.551Z error: TypeError: Cannot read properties of undefined (reading 'userId')
    at handleLosers (G:\mazadat\sockets\notifications.js:2987:34)
    at processEndingSubcategories (G:\mazadat\sockets\notifications.js:2874:13)
    at process.processTicksAndRejections (node:internal/process/task_queues:95:5)
    at async notifyAuctionEvents (G:\mazadat\sockets\notifications.js:2809:5)
2024-06-27T07:48:05.584Z error: TypeError: Cannot read properties of undefined (reading 'userId')
    at handleLosers (G:\mazadat\sockets\notifications.js:2987:34)
    at processEndingSubcategories (G:\mazadat\sockets\notifications.js:2874:13)
    at process.processTicksAndRejections (node:internal/process/task_queues:95:5)
    at async notifyAuctionEvents (G:\mazadat\sockets\notifications.js:2809:5)
2024-06-27T07:48:16.126Z error: TypeError: Cannot read properties of undefined (reading 'userId')
    at handleLosers (G:\mazadat\sockets\notifications.js:2987:34)
    at processEndingSubcategories (G:\mazadat\sockets\notifications.js:2874:13)
    at process.processTicksAndRejections (node:internal/process/task_queues:95:5)
    at async notifyAuctionEvents (G:\mazadat\sockets\notifications.js:2809:5)
2024-06-27T07:48:33.660Z error: TypeError: Cannot read properties of undefined (reading 'userId')
    at handleLosers (G:\mazadat\sockets\notifications.js:2989:34)
    at processEndingSubcategories (G:\mazadat\sockets\notifications.js:2874:13)
    at process.processTicksAndRejections (node:internal/process/task_queues:95:5)
    at async notifyAuctionEvents (G:\mazadat\sockets\notifications.js:2809:5)
2024-06-27T07:48:43.643Z error: TypeError: Cannot read properties of undefined (reading 'userId')
    at handleLosers (G:\mazadat\sockets\notifications.js:2989:34)
    at processEndingSubcategories (G:\mazadat\sockets\notifications.js:2874:13)
    at process.processTicksAndRejections (node:internal/process/task_queues:95:5)
    at async notifyAuctionEvents (G:\mazadat\sockets\notifications.js:2809:5)
2024-06-27T07:48:53.636Z error: TypeError: Cannot read properties of undefined (reading 'userId')
    at handleLosers (G:\mazadat\sockets\notifications.js:2989:34)
    at processEndingSubcategories (G:\mazadat\sockets\notifications.js:2874:13)
    at process.processTicksAndRejections (node:internal/process/task_queues:95:5)
    at async notifyAuctionEvents (G:\mazadat\sockets\notifications.js:2809:5)
2024-06-27T07:49:03.674Z error: TypeError: Cannot read properties of undefined (reading 'userId')
    at handleLosers (G:\mazadat\sockets\notifications.js:2989:34)
    at processEndingSubcategories (G:\mazadat\sockets\notifications.js:2874:13)
    at process.processTicksAndRejections (node:internal/process/task_queues:95:5)
    at async notifyAuctionEvents (G:\mazadat\sockets\notifications.js:2809:5)
2024-06-27T07:49:13.684Z error: TypeError: Cannot read properties of undefined (reading 'userId')
    at handleLosers (G:\mazadat\sockets\notifications.js:2989:34)
    at processEndingSubcategories (G:\mazadat\sockets\notifications.js:2874:13)
    at process.processTicksAndRejections (node:internal/process/task_queues:95:5)
    at async notifyAuctionEvents (G:\mazadat\sockets\notifications.js:2809:5)
2024-06-27T07:49:23.904Z error: TypeError: Cannot read properties of undefined (reading 'userId')
    at handleLosers (G:\mazadat\sockets\notifications.js:2989:34)
    at processEndingSubcategories (G:\mazadat\sockets\notifications.js:2874:13)
    at process.processTicksAndRejections (node:internal/process/task_queues:95:5)
    at async notifyAuctionEvents (G:\mazadat\sockets\notifications.js:2809:5)
2024-06-27T07:49:33.822Z error: TypeError: Cannot read properties of undefined (reading 'userId')
    at handleLosers (G:\mazadat\sockets\notifications.js:2989:34)
    at processEndingSubcategories (G:\mazadat\sockets\notifications.js:2874:13)
    at process.processTicksAndRejections (node:internal/process/task_queues:95:5)
    at async notifyAuctionEvents (G:\mazadat\sockets\notifications.js:2809:5)
2024-06-27T07:49:49.714Z error: TypeError: Cannot read properties of undefined (reading 'userId')
    at handleLosers (G:\mazadat\sockets\notifications.js:2989:34)
    at processEndingSubcategories (G:\mazadat\sockets\notifications.js:2874:13)
    at process.processTicksAndRejections (node:internal/process/task_queues:95:5)
    at async notifyAuctionEvents (G:\mazadat\sockets\notifications.js:2809:5)
2024-06-27T07:52:22.176Z error: TypeError: Cannot read properties of undefined (reading 'userId')
    at handleLosers (G:\mazadat\sockets\notifications.js:2989:34)
    at processEndingSubcategories (G:\mazadat\sockets\notifications.js:2874:13)
    at process.processTicksAndRejections (node:internal/process/task_queues:95:5)
    at async notifyAuctionEvents (G:\mazadat\sockets\notifications.js:2809:5)
2024-06-27T07:52:30.256Z error: TypeError: Cannot read properties of undefined (reading 'userId')
    at handleLosers (G:\mazadat\sockets\notifications.js:2989:34)
    at processEndingSubcategories (G:\mazadat\sockets\notifications.js:2874:13)
    at process.processTicksAndRejections (node:internal/process/task_queues:95:5)
    at async notifyAuctionEvents (G:\mazadat\sockets\notifications.js:2809:5)
2024-06-27T07:52:40.262Z error: TypeError: Cannot read properties of undefined (reading 'userId')
    at handleLosers (G:\mazadat\sockets\notifications.js:2989:34)
    at processEndingSubcategories (G:\mazadat\sockets\notifications.js:2874:13)
    at process.processTicksAndRejections (node:internal/process/task_queues:95:5)
    at async notifyAuctionEvents (G:\mazadat\sockets\notifications.js:2809:5)
2024-06-27T08:58:52.742Z info: Subcategory results aggregation completed.
2024-06-27T08:59:02.651Z info: Subcategory results aggregation completed.
2024-06-27T08:59:12.653Z info: Subcategory results aggregation completed.
2024-06-27T08:59:22.658Z info: Subcategory results aggregation completed.
2024-06-27T08:59:32.678Z info: Subcategory results aggregation completed.
2024-06-27T08:59:42.667Z info: Subcategory results aggregation completed.
2024-06-27T09:00:53.207Z info: Subcategory results aggregation completed.
2024-06-27T09:01:53.233Z info: Subcategory results aggregation completed.
2024-06-27T09:02:53.221Z info: Subcategory results aggregation completed.
2024-06-27T09:05:16.665Z error: MongoServerError: E11000 duplicate key error collection: test.subcategoryresults index: userId_1_subcategory_1_status_1 dup key: { userId: ObjectId('664aeb75feb87b3a9a7f3b49'), subcategory: ObjectId('667abdb32b750f051b38b08a'), status: "winner" }
    at InsertOneOperation.execute (G:\mazadat\node_modules\mongodb\lib\operations\insert.js:51:19)
    at process.processTicksAndRejections (node:internal/process/task_queues:95:5)
    at async executeOperation (G:\mazadat\node_modules\mongodb\lib\operations\execute_operation.js:126:16)
2024-06-27T09:06:16.520Z error: MongoServerError: E11000 duplicate key error collection: test.subcategoryresults index: userId_1_subcategory_1_status_1 dup key: { userId: ObjectId('664aeb75feb87b3a9a7f3b49'), subcategory: ObjectId('667abdb32b750f051b38b08a'), status: "loser" }
    at InsertOneOperation.execute (G:\mazadat\node_modules\mongodb\lib\operations\insert.js:51:19)
    at process.processTicksAndRejections (node:internal/process/task_queues:95:5)
    at async executeOperation (G:\mazadat\node_modules\mongodb\lib\operations\execute_operation.js:126:16)
2024-06-27T09:07:16.577Z error: MongoServerError: E11000 duplicate key error collection: test.subcategoryresults index: userId_1_subcategory_1_status_1 dup key: { userId: ObjectId('664aeb75feb87b3a9a7f3b49'), subcategory: ObjectId('667abdb32b750f051b38b08a'), status: "winner" }
    at InsertOneOperation.execute (G:\mazadat\node_modules\mongodb\lib\operations\insert.js:51:19)
    at process.processTicksAndRejections (node:internal/process/task_queues:95:5)
    at async executeOperation (G:\mazadat\node_modules\mongodb\lib\operations\execute_operation.js:126:16)
2024-06-27T09:08:16.663Z error: MongoServerError: E11000 duplicate key error collection: test.subcategoryresults index: userId_1_subcategory_1_status_1 dup key: { userId: ObjectId('664aeb75feb87b3a9a7f3b49'), subcategory: ObjectId('667abdb32b750f051b38b08a'), status: "winner" }
    at InsertOneOperation.execute (G:\mazadat\node_modules\mongodb\lib\operations\insert.js:51:19)
    at process.processTicksAndRejections (node:internal/process/task_queues:95:5)
    at async executeOperation (G:\mazadat\node_modules\mongodb\lib\operations\execute_operation.js:126:16)
2024-06-27T09:09:17.372Z error: MongoServerError: E11000 duplicate key error collection: test.subcategoryresults index: userId_1_subcategory_1_status_1 dup key: { userId: ObjectId('664aeb75feb87b3a9a7f3b49'), subcategory: ObjectId('667abdb32b750f051b38b08a'), status: "loser" }
    at InsertOneOperation.execute (G:\mazadat\node_modules\mongodb\lib\operations\insert.js:51:19)
    at process.processTicksAndRejections (node:internal/process/task_queues:95:5)
    at async executeOperation (G:\mazadat\node_modules\mongodb\lib\operations\execute_operation.js:126:16)
2024-06-27T09:10:18.585Z error: MongoServerError: E11000 duplicate key error collection: test.subcategoryresults index: userId_1_subcategory_1_status_1 dup key: { userId: ObjectId('664aeb75feb87b3a9a7f3b49'), subcategory: ObjectId('667abdb32b750f051b38b08a'), status: "loser" }
    at InsertOneOperation.execute (G:\mazadat\node_modules\mongodb\lib\operations\insert.js:51:19)
    at process.processTicksAndRejections (node:internal/process/task_queues:95:5)
    at async executeOperation (G:\mazadat\node_modules\mongodb\lib\operations\execute_operation.js:126:16)
2024-06-27T09:11:57.381Z error: MongoServerError: E11000 duplicate key error collection: test.subcategoryresults index: userId_1_subcategory_1_status_1 dup key: { userId: ObjectId('664aeb75feb87b3a9a7f3b49'), subcategory: ObjectId('667abdb32b750f051b38b08a'), status: "loser" }
    at InsertOneOperation.execute (G:\mazadat\node_modules\mongodb\lib\operations\insert.js:51:19)
    at process.processTicksAndRejections (node:internal/process/task_queues:95:5)
    at async executeOperation (G:\mazadat\node_modules\mongodb\lib\operations\execute_operation.js:126:16)
2024-06-27T09:12:57.304Z error: MongoServerError: E11000 duplicate key error collection: test.subcategoryresults index: userId_1_subcategory_1_status_1 dup key: { userId: ObjectId('664aeb75feb87b3a9a7f3b49'), subcategory: ObjectId('667abdb32b750f051b38b08a'), status: "winner" }
    at InsertOneOperation.execute (G:\mazadat\node_modules\mongodb\lib\operations\insert.js:51:19)
    at process.processTicksAndRejections (node:internal/process/task_queues:95:5)
    at async executeOperation (G:\mazadat\node_modules\mongodb\lib\operations\execute_operation.js:126:16)
2024-06-27T09:13:57.209Z error: MongoServerError: E11000 duplicate key error collection: test.subcategoryresults index: userId_1_subcategory_1_status_1 dup key: { userId: ObjectId('664aeb75feb87b3a9a7f3b49'), subcategory: ObjectId('667abdb32b750f051b38b08a'), status: "winner" }
    at InsertOneOperation.execute (G:\mazadat\node_modules\mongodb\lib\operations\insert.js:51:19)
    at process.processTicksAndRejections (node:internal/process/task_queues:95:5)
    at async executeOperation (G:\mazadat\node_modules\mongodb\lib\operations\execute_operation.js:126:16)
2024-06-27T09:15:56.663Z error: MongoServerError: E11000 duplicate key error collection: test.subcategoryresults index: userId_1_subcategory_1_status_1 dup key: { userId: ObjectId('664aeb75feb87b3a9a7f3b49'), subcategory: ObjectId('667abdb32b750f051b38b08a'), status: "winner" }
    at InsertOneOperation.execute (G:\mazadat\node_modules\mongodb\lib\operations\insert.js:51:19)
    at process.processTicksAndRejections (node:internal/process/task_queues:95:5)
    at async executeOperation (G:\mazadat\node_modules\mongodb\lib\operations\execute_operation.js:126:16)
2024-06-27T09:17:11.384Z error: MongoServerError: E11000 duplicate key error collection: test.subcategoryresults index: userId_1_subcategory_1_status_1 dup key: { userId: ObjectId('664aeb75feb87b3a9a7f3b49'), subcategory: ObjectId('667abdb32b750f051b38b08a'), status: "winner" }
    at InsertOneOperation.execute (G:\mazadat\node_modules\mongodb\lib\operations\insert.js:51:19)
    at process.processTicksAndRejections (node:internal/process/task_queues:95:5)
    at async executeOperation (G:\mazadat\node_modules\mongodb\lib\operations\execute_operation.js:126:16)
2024-06-27T09:18:11.372Z error: MongoServerError: E11000 duplicate key error collection: test.subcategoryresults index: userId_1_subcategory_1_status_1 dup key: { userId: ObjectId('664aeb75feb87b3a9a7f3b49'), subcategory: ObjectId('667abdb32b750f051b38b08a'), status: "winner" }
    at InsertOneOperation.execute (G:\mazadat\node_modules\mongodb\lib\operations\insert.js:51:19)
    at process.processTicksAndRejections (node:internal/process/task_queues:95:5)
    at async executeOperation (G:\mazadat\node_modules\mongodb\lib\operations\execute_operation.js:126:16)
2024-06-27T09:19:11.285Z error: MongoServerError: E11000 duplicate key error collection: test.subcategoryresults index: userId_1_subcategory_1_status_1 dup key: { userId: ObjectId('664aeb75feb87b3a9a7f3b49'), subcategory: ObjectId('667abdb32b750f051b38b08a'), status: "winner" }
    at InsertOneOperation.execute (G:\mazadat\node_modules\mongodb\lib\operations\insert.js:51:19)
    at process.processTicksAndRejections (node:internal/process/task_queues:95:5)
    at async executeOperation (G:\mazadat\node_modules\mongodb\lib\operations\execute_operation.js:126:16)
2024-06-27T09:20:11.684Z error: MongoServerError: E11000 duplicate key error collection: test.subcategoryresults index: userId_1_subcategory_1_status_1 dup key: { userId: ObjectId('664aeb75feb87b3a9a7f3b49'), subcategory: ObjectId('667abdb32b750f051b38b08a'), status: "winner" }
    at InsertOneOperation.execute (G:\mazadat\node_modules\mongodb\lib\operations\insert.js:51:19)
    at process.processTicksAndRejections (node:internal/process/task_queues:95:5)
    at async executeOperation (G:\mazadat\node_modules\mongodb\lib\operations\execute_operation.js:126:16)
2024-06-27T09:21:11.553Z error: MongoServerError: E11000 duplicate key error collection: test.subcategoryresults index: userId_1_subcategory_1_status_1 dup key: { userId: ObjectId('664aeb75feb87b3a9a7f3b49'), subcategory: ObjectId('667abdb32b750f051b38b08a'), status: "winner" }
    at InsertOneOperation.execute (G:\mazadat\node_modules\mongodb\lib\operations\insert.js:51:19)
    at process.processTicksAndRejections (node:internal/process/task_queues:95:5)
    at async executeOperation (G:\mazadat\node_modules\mongodb\lib\operations\execute_operation.js:126:16)
2024-06-27T09:22:11.458Z error: MongoServerError: E11000 duplicate key error collection: test.subcategoryresults index: userId_1_subcategory_1_status_1 dup key: { userId: ObjectId('664aeb75feb87b3a9a7f3b49'), subcategory: ObjectId('667abdb32b750f051b38b08a'), status: "winner" }
    at InsertOneOperation.execute (G:\mazadat\node_modules\mongodb\lib\operations\insert.js:51:19)
    at process.processTicksAndRejections (node:internal/process/task_queues:95:5)
    at async executeOperation (G:\mazadat\node_modules\mongodb\lib\operations\execute_operation.js:126:16)
2024-06-27T09:25:33.100Z error: MongooseError: Operation `subcategories.find()` buffering timed out after 10000ms
    at Timeout.<anonymous> (G:\mazadat\node_modules\mongoose\lib\drivers\node-mongodb-native\collection.js:185:23)
    at listOnTimeout (node:internal/timers:573:17)
    at process.processTimers (node:internal/timers:514:7)
2024-06-27T09:26:46.698Z info: Subcategory results aggregation completed.
2024-06-27T09:27:46.727Z info: Subcategory results aggregation completed.
2024-06-27T09:28:46.679Z info: Subcategory results aggregation completed.
2024-06-27T09:29:46.643Z info: Subcategory results aggregation completed.
2024-06-27T09:30:46.651Z info: Subcategory results aggregation completed.
2024-06-27T09:32:13.524Z info: Subcategory results aggregation completed.
2024-06-27T09:33:13.514Z info: Subcategory results aggregation completed.
2024-06-27T09:34:13.540Z info: Subcategory results aggregation completed.
2024-06-27T09:35:13.537Z info: Subcategory results aggregation completed.
2024-06-27T09:36:13.542Z info: Subcategory results aggregation completed.
2024-06-27T09:37:13.548Z info: Subcategory results aggregation completed.
2024-06-27T09:38:13.552Z info: Subcategory results aggregation completed.
2024-06-27T09:39:13.555Z info: Subcategory results aggregation completed.
2024-06-27T09:40:13.557Z info: Subcategory results aggregation completed.
2024-06-27T09:41:13.566Z info: Subcategory results aggregation completed.
2024-06-27T09:42:13.566Z info: Subcategory results aggregation completed.
2024-06-27T09:43:13.582Z info: Subcategory results aggregation completed.
2024-06-27T09:44:13.595Z info: Subcategory results aggregation completed.
2024-06-27T09:45:13.605Z info: Subcategory results aggregation completed.
2024-06-27T09:46:13.612Z info: Subcategory results aggregation completed.
2024-06-27T09:47:13.630Z info: Subcategory results aggregation completed.
2024-06-27T09:48:13.634Z info: Subcategory results aggregation completed.
2024-06-27T09:49:13.642Z info: Subcategory results aggregation completed.
2024-06-27T09:50:13.645Z info: Subcategory results aggregation completed.
2024-06-27T09:51:13.653Z info: Subcategory results aggregation completed.
2024-06-27T09:52:13.667Z info: Subcategory results aggregation completed.
2024-06-27T09:53:13.673Z info: Subcategory results aggregation completed.
2024-06-27T09:54:13.677Z info: Subcategory results aggregation completed.
2024-06-27T09:55:13.690Z info: Subcategory results aggregation completed.
2024-06-27T09:56:13.696Z info: Subcategory results aggregation completed.
2024-06-27T09:57:13.704Z info: Subcategory results aggregation completed.
2024-06-27T09:58:13.720Z info: Subcategory results aggregation completed.
2024-06-27T09:59:13.721Z info: Subcategory results aggregation completed.
2024-06-27T10:00:13.725Z info: Subcategory results aggregation completed.
2024-06-27T10:01:13.731Z info: Subcategory results aggregation completed.
2024-06-27T10:02:13.731Z info: Subcategory results aggregation completed.
2024-06-27T10:03:13.788Z info: Subcategory results aggregation completed.
2024-06-27T10:04:13.768Z info: Subcategory results aggregation completed.
2024-06-27T10:05:13.752Z info: Subcategory results aggregation completed.
2024-06-27T10:06:44.431Z error: MongoServerError: E11000 duplicate key error collection: test.subcategoryresults index: userId_1_subcategory_1_status_1 dup key: { userId: ObjectId('664aeb75feb87b3a9a7f3b49'), subcategory: ObjectId('667abdb32b750f051b38b08a'), status: "loser" }
    at InsertOneOperation.execute (G:\mazadat\node_modules\mongodb\lib\operations\insert.js:51:19)
    at process.processTicksAndRejections (node:internal/process/task_queues:95:5)
    at async executeOperation (G:\mazadat\node_modules\mongodb\lib\operations\execute_operation.js:126:16)
2024-06-27T10:07:41.898Z error: MongoServerError: E11000 duplicate key error collection: test.subcategoryresults index: userId_1_subcategory_1_status_1 dup key: { userId: ObjectId('664aeb75feb87b3a9a7f3b49'), subcategory: ObjectId('667abdb32b750f051b38b08a'), status: "winner" }
    at InsertOneOperation.execute (G:\mazadat\node_modules\mongodb\lib\operations\insert.js:51:19)
    at process.processTicksAndRejections (node:internal/process/task_queues:95:5)
    at async executeOperation (G:\mazadat\node_modules\mongodb\lib\operations\execute_operation.js:126:16)
2024-06-27T10:08:45.018Z error: MongoServerError: E11000 duplicate key error collection: test.subcategoryresults index: userId_1_subcategory_1_status_1 dup key: { userId: ObjectId('664aeb75feb87b3a9a7f3b49'), subcategory: ObjectId('667abdb32b750f051b38b08a'), status: "winner" }
    at InsertOneOperation.execute (G:\mazadat\node_modules\mongodb\lib\operations\insert.js:51:19)
    at process.processTicksAndRejections (node:internal/process/task_queues:95:5)
    at async executeOperation (G:\mazadat\node_modules\mongodb\lib\operations\execute_operation.js:126:16)
2024-06-27T10:09:45.312Z error: MongoServerError: E11000 duplicate key error collection: test.subcategoryresults index: userId_1_subcategory_1_status_1 dup key: { userId: ObjectId('664aeb75feb87b3a9a7f3b49'), subcategory: ObjectId('667abdb32b750f051b38b08a'), status: "winner" }
    at InsertOneOperation.execute (G:\mazadat\node_modules\mongodb\lib\operations\insert.js:51:19)
    at process.processTicksAndRejections (node:internal/process/task_queues:95:5)
    at async executeOperation (G:\mazadat\node_modules\mongodb\lib\operations\execute_operation.js:126:16)
2024-06-27T10:10:43.209Z error: MongoServerError: E11000 duplicate key error collection: test.subcategoryresults index: userId_1_subcategory_1_status_1 dup key: { userId: ObjectId('664aeb75feb87b3a9a7f3b49'), subcategory: ObjectId('667abdb32b750f051b38b08a'), status: "loser" }
    at InsertOneOperation.execute (G:\mazadat\node_modules\mongodb\lib\operations\insert.js:51:19)
    at process.processTicksAndRejections (node:internal/process/task_queues:95:5)
    at async executeOperation (G:\mazadat\node_modules\mongodb\lib\operations\execute_operation.js:126:16)
2024-06-27T10:11:41.205Z error: MongoServerError: E11000 duplicate key error collection: test.subcategoryresults index: userId_1_subcategory_1_status_1 dup key: { userId: ObjectId('664aeb75feb87b3a9a7f3b49'), subcategory: ObjectId('667abdb32b750f051b38b08a'), status: "winner" }
    at InsertOneOperation.execute (G:\mazadat\node_modules\mongodb\lib\operations\insert.js:51:19)
    at process.processTicksAndRejections (node:internal/process/task_queues:95:5)
    at async executeOperation (G:\mazadat\node_modules\mongodb\lib\operations\execute_operation.js:126:16)
2024-06-27T10:12:42.638Z error: MongoServerError: E11000 duplicate key error collection: test.subcategoryresults index: userId_1_subcategory_1_status_1 dup key: { userId: ObjectId('664aeb75feb87b3a9a7f3b49'), subcategory: ObjectId('667abdb32b750f051b38b08a'), status: "winner" }
    at InsertOneOperation.execute (G:\mazadat\node_modules\mongodb\lib\operations\insert.js:51:19)
    at process.processTicksAndRejections (node:internal/process/task_queues:95:5)
    at async executeOperation (G:\mazadat\node_modules\mongodb\lib\operations\execute_operation.js:126:16)
2024-06-27T10:13:41.766Z error: MongoServerError: E11000 duplicate key error collection: test.subcategoryresults index: userId_1_subcategory_1_status_1 dup key: { userId: ObjectId('664aeb75feb87b3a9a7f3b49'), subcategory: ObjectId('667abdb32b750f051b38b08a'), status: "winner" }
    at InsertOneOperation.execute (G:\mazadat\node_modules\mongodb\lib\operations\insert.js:51:19)
    at process.processTicksAndRejections (node:internal/process/task_queues:95:5)
    at async executeOperation (G:\mazadat\node_modules\mongodb\lib\operations\execute_operation.js:126:16)
2024-06-27T10:14:43.387Z error: MongoServerError: E11000 duplicate key error collection: test.subcategoryresults index: userId_1_subcategory_1_status_1 dup key: { userId: ObjectId('664aeb75feb87b3a9a7f3b49'), subcategory: ObjectId('667abdb32b750f051b38b08a'), status: "loser" }
    at InsertOneOperation.execute (G:\mazadat\node_modules\mongodb\lib\operations\insert.js:51:19)
    at process.processTicksAndRejections (node:internal/process/task_queues:95:5)
    at async executeOperation (G:\mazadat\node_modules\mongodb\lib\operations\execute_operation.js:126:16)
2024-06-27T10:15:42.488Z error: MongoServerError: E11000 duplicate key error collection: test.subcategoryresults index: userId_1_subcategory_1_status_1 dup key: { userId: ObjectId('664aeb75feb87b3a9a7f3b49'), subcategory: ObjectId('667abdb32b750f051b38b08a'), status: "winner" }
    at InsertOneOperation.execute (G:\mazadat\node_modules\mongodb\lib\operations\insert.js:51:19)
    at process.processTicksAndRejections (node:internal/process/task_queues:95:5)
    at async executeOperation (G:\mazadat\node_modules\mongodb\lib\operations\execute_operation.js:126:16)
2024-06-27T10:16:41.113Z info: Subcategory results aggregation completed.
2024-06-27T10:17:41.361Z info: Subcategory results aggregation completed.
2024-06-27T10:18:41.148Z info: Subcategory results aggregation completed.
2024-06-27T10:19:41.170Z info: Subcategory results aggregation completed.
2024-06-27T10:20:41.139Z info: Subcategory results aggregation completed.
2024-06-27T10:22:08.565Z info: Subcategory results aggregation completed.
2024-06-27T10:23:08.488Z info: Subcategory results aggregation completed.
2024-06-27T10:24:08.582Z info: Subcategory results aggregation completed.
2024-06-27T10:25:08.719Z info: Subcategory results aggregation completed.
2024-06-27T10:26:08.536Z info: Subcategory results aggregation completed.
2024-06-27T10:27:44.692Z info: Subcategory results aggregation completed.
2024-06-27T10:28:44.637Z info: Subcategory results aggregation completed.
2024-06-27T10:29:44.836Z info: Subcategory results aggregation completed.
2024-06-27T10:30:44.635Z info: Subcategory results aggregation completed.
2024-06-27T10:32:03.343Z error: Error: read ECONNRESET
    at TLSWrap.onStreamRead (node:internal/stream_base_commons:217:20)
2024-06-27T10:33:14.153Z error: MongoServerSelectionError: getaddrinfo ENOTFOUND ac-wlue6z6-shard-00-02.a93vbj1.mongodb.net
    at EventTarget.<anonymous> (G:\mazadat\node_modules\mongodb\lib\sdam\topology.js:289:34)
    at [nodejs.internal.kHybridDispatch] (node:internal/event_target:826:20)
    at EventTarget.dispatchEvent (node:internal/event_target:761:26)
    at abortSignal (node:internal/abort_controller:371:10)
    at TimeoutController.abort (node:internal/abort_controller:393:5)
    at Timeout.<anonymous> (G:\mazadat\node_modules\mongodb\lib\utils.js:976:92)
    at listOnTimeout (node:internal/timers:573:17)
    at process.processTimers (node:internal/timers:514:7)
2024-06-27T10:34:14.140Z error: MongoServerSelectionError: getaddrinfo ENOTFOUND ac-wlue6z6-shard-00-02.a93vbj1.mongodb.net
    at EventTarget.<anonymous> (G:\mazadat\node_modules\mongodb\lib\sdam\topology.js:289:34)
    at [nodejs.internal.kHybridDispatch] (node:internal/event_target:826:20)
    at EventTarget.dispatchEvent (node:internal/event_target:761:26)
    at abortSignal (node:internal/abort_controller:371:10)
    at TimeoutController.abort (node:internal/abort_controller:393:5)
    at Timeout.<anonymous> (G:\mazadat\node_modules\mongodb\lib\utils.js:976:92)
    at listOnTimeout (node:internal/timers:573:17)
    at process.processTimers (node:internal/timers:514:7)
2024-06-27T10:35:14.150Z error: MongoServerSelectionError: getaddrinfo ENOTFOUND ac-wlue6z6-shard-00-02.a93vbj1.mongodb.net
    at EventTarget.<anonymous> (G:\mazadat\node_modules\mongodb\lib\sdam\topology.js:289:34)
    at [nodejs.internal.kHybridDispatch] (node:internal/event_target:826:20)
    at EventTarget.dispatchEvent (node:internal/event_target:761:26)
    at abortSignal (node:internal/abort_controller:371:10)
    at TimeoutController.abort (node:internal/abort_controller:393:5)
    at Timeout.<anonymous> (G:\mazadat\node_modules\mongodb\lib\utils.js:976:92)
    at listOnTimeout (node:internal/timers:573:17)
    at process.processTimers (node:internal/timers:514:7)
2024-06-27T10:36:14.149Z error: MongoServerSelectionError: getaddrinfo ENOTFOUND ac-wlue6z6-shard-00-02.a93vbj1.mongodb.net
    at EventTarget.<anonymous> (G:\mazadat\node_modules\mongodb\lib\sdam\topology.js:289:34)
    at [nodejs.internal.kHybridDispatch] (node:internal/event_target:826:20)
    at EventTarget.dispatchEvent (node:internal/event_target:761:26)
    at abortSignal (node:internal/abort_controller:371:10)
    at TimeoutController.abort (node:internal/abort_controller:393:5)
    at Timeout.<anonymous> (G:\mazadat\node_modules\mongodb\lib\utils.js:976:92)
    at listOnTimeout (node:internal/timers:573:17)
    at process.processTimers (node:internal/timers:514:7)
2024-06-27T10:37:14.148Z error: MongoServerSelectionError: getaddrinfo ENOTFOUND ac-wlue6z6-shard-00-02.a93vbj1.mongodb.net
    at EventTarget.<anonymous> (G:\mazadat\node_modules\mongodb\lib\sdam\topology.js:289:34)
    at [nodejs.internal.kHybridDispatch] (node:internal/event_target:826:20)
    at EventTarget.dispatchEvent (node:internal/event_target:761:26)
    at abortSignal (node:internal/abort_controller:371:10)
    at TimeoutController.abort (node:internal/abort_controller:393:5)
    at Timeout.<anonymous> (G:\mazadat\node_modules\mongodb\lib\utils.js:976:92)
    at listOnTimeout (node:internal/timers:573:17)
    at process.processTimers (node:internal/timers:514:7)
2024-06-27T10:38:14.154Z error: MongoServerSelectionError: getaddrinfo ENOTFOUND ac-wlue6z6-shard-00-02.a93vbj1.mongodb.net
    at EventTarget.<anonymous> (G:\mazadat\node_modules\mongodb\lib\sdam\topology.js:289:34)
    at [nodejs.internal.kHybridDispatch] (node:internal/event_target:826:20)
    at EventTarget.dispatchEvent (node:internal/event_target:761:26)
    at abortSignal (node:internal/abort_controller:371:10)
    at TimeoutController.abort (node:internal/abort_controller:393:5)
    at Timeout.<anonymous> (G:\mazadat\node_modules\mongodb\lib\utils.js:976:92)
    at listOnTimeout (node:internal/timers:573:17)
    at process.processTimers (node:internal/timers:514:7)
2024-06-27T10:39:14.156Z error: MongoServerSelectionError: getaddrinfo ENOTFOUND ac-wlue6z6-shard-00-02.a93vbj1.mongodb.net
    at EventTarget.<anonymous> (G:\mazadat\node_modules\mongodb\lib\sdam\topology.js:289:34)
    at [nodejs.internal.kHybridDispatch] (node:internal/event_target:826:20)
    at EventTarget.dispatchEvent (node:internal/event_target:761:26)
    at abortSignal (node:internal/abort_controller:371:10)
    at TimeoutController.abort (node:internal/abort_controller:393:5)
    at Timeout.<anonymous> (G:\mazadat\node_modules\mongodb\lib\utils.js:976:92)
    at listOnTimeout (node:internal/timers:573:17)
    at process.processTimers (node:internal/timers:514:7)
2024-06-27T10:40:14.150Z error: MongoServerSelectionError: getaddrinfo ENOTFOUND ac-wlue6z6-shard-00-02.a93vbj1.mongodb.net
    at EventTarget.<anonymous> (G:\mazadat\node_modules\mongodb\lib\sdam\topology.js:289:34)
    at [nodejs.internal.kHybridDispatch] (node:internal/event_target:826:20)
    at EventTarget.dispatchEvent (node:internal/event_target:761:26)
    at abortSignal (node:internal/abort_controller:371:10)
    at TimeoutController.abort (node:internal/abort_controller:393:5)
    at Timeout.<anonymous> (G:\mazadat\node_modules\mongodb\lib\utils.js:976:92)
    at listOnTimeout (node:internal/timers:573:17)
    at process.processTimers (node:internal/timers:514:7)
2024-06-27T10:41:14.149Z error: MongoServerSelectionError: getaddrinfo ENOTFOUND ac-wlue6z6-shard-00-02.a93vbj1.mongodb.net
    at EventTarget.<anonymous> (G:\mazadat\node_modules\mongodb\lib\sdam\topology.js:289:34)
    at [nodejs.internal.kHybridDispatch] (node:internal/event_target:826:20)
    at EventTarget.dispatchEvent (node:internal/event_target:761:26)
    at abortSignal (node:internal/abort_controller:371:10)
    at TimeoutController.abort (node:internal/abort_controller:393:5)
    at Timeout.<anonymous> (G:\mazadat\node_modules\mongodb\lib\utils.js:976:92)
    at listOnTimeout (node:internal/timers:573:17)
    at process.processTimers (node:internal/timers:514:7)
2024-06-27T10:42:14.156Z error: MongoServerSelectionError: getaddrinfo ENOTFOUND ac-wlue6z6-shard-00-02.a93vbj1.mongodb.net
    at EventTarget.<anonymous> (G:\mazadat\node_modules\mongodb\lib\sdam\topology.js:289:34)
    at [nodejs.internal.kHybridDispatch] (node:internal/event_target:826:20)
    at EventTarget.dispatchEvent (node:internal/event_target:761:26)
    at abortSignal (node:internal/abort_controller:371:10)
    at TimeoutController.abort (node:internal/abort_controller:393:5)
    at Timeout.<anonymous> (G:\mazadat\node_modules\mongodb\lib\utils.js:976:92)
    at listOnTimeout (node:internal/timers:573:17)
    at process.processTimers (node:internal/timers:514:7)
2024-06-27T10:43:14.165Z error: MongoServerSelectionError: getaddrinfo ENOTFOUND ac-wlue6z6-shard-00-02.a93vbj1.mongodb.net
    at EventTarget.<anonymous> (G:\mazadat\node_modules\mongodb\lib\sdam\topology.js:289:34)
    at [nodejs.internal.kHybridDispatch] (node:internal/event_target:826:20)
    at EventTarget.dispatchEvent (node:internal/event_target:761:26)
    at abortSignal (node:internal/abort_controller:371:10)
    at TimeoutController.abort (node:internal/abort_controller:393:5)
    at Timeout.<anonymous> (G:\mazadat\node_modules\mongodb\lib\utils.js:976:92)
    at listOnTimeout (node:internal/timers:573:17)
    at process.processTimers (node:internal/timers:514:7)
2024-06-27T10:44:14.176Z error: MongoServerSelectionError: getaddrinfo ENOTFOUND ac-wlue6z6-shard-00-02.a93vbj1.mongodb.net
    at EventTarget.<anonymous> (G:\mazadat\node_modules\mongodb\lib\sdam\topology.js:289:34)
    at [nodejs.internal.kHybridDispatch] (node:internal/event_target:826:20)
    at EventTarget.dispatchEvent (node:internal/event_target:761:26)
    at abortSignal (node:internal/abort_controller:371:10)
    at TimeoutController.abort (node:internal/abort_controller:393:5)
    at Timeout.<anonymous> (G:\mazadat\node_modules\mongodb\lib\utils.js:976:92)
    at listOnTimeout (node:internal/timers:573:17)
    at process.processTimers (node:internal/timers:514:7)
2024-06-27T10:45:14.192Z error: MongoServerSelectionError: getaddrinfo ENOTFOUND ac-wlue6z6-shard-00-02.a93vbj1.mongodb.net
    at EventTarget.<anonymous> (G:\mazadat\node_modules\mongodb\lib\sdam\topology.js:289:34)
    at [nodejs.internal.kHybridDispatch] (node:internal/event_target:826:20)
    at EventTarget.dispatchEvent (node:internal/event_target:761:26)
    at abortSignal (node:internal/abort_controller:371:10)
    at TimeoutController.abort (node:internal/abort_controller:393:5)
    at Timeout.<anonymous> (G:\mazadat\node_modules\mongodb\lib\utils.js:976:92)
    at listOnTimeout (node:internal/timers:573:17)
    at process.processTimers (node:internal/timers:514:7)
2024-06-27T10:46:14.209Z error: MongoServerSelectionError: getaddrinfo ENOTFOUND ac-wlue6z6-shard-00-02.a93vbj1.mongodb.net
    at EventTarget.<anonymous> (G:\mazadat\node_modules\mongodb\lib\sdam\topology.js:289:34)
    at [nodejs.internal.kHybridDispatch] (node:internal/event_target:826:20)
    at EventTarget.dispatchEvent (node:internal/event_target:761:26)
    at abortSignal (node:internal/abort_controller:371:10)
    at TimeoutController.abort (node:internal/abort_controller:393:5)
    at Timeout.<anonymous> (G:\mazadat\node_modules\mongodb\lib\utils.js:976:92)
    at listOnTimeout (node:internal/timers:573:17)
    at process.processTimers (node:internal/timers:514:7)
2024-06-27T10:47:14.218Z error: MongoServerSelectionError: getaddrinfo ENOTFOUND ac-wlue6z6-shard-00-02.a93vbj1.mongodb.net
    at EventTarget.<anonymous> (G:\mazadat\node_modules\mongodb\lib\sdam\topology.js:289:34)
    at [nodejs.internal.kHybridDispatch] (node:internal/event_target:826:20)
    at EventTarget.dispatchEvent (node:internal/event_target:761:26)
    at abortSignal (node:internal/abort_controller:371:10)
    at TimeoutController.abort (node:internal/abort_controller:393:5)
    at Timeout.<anonymous> (G:\mazadat\node_modules\mongodb\lib\utils.js:976:92)
    at listOnTimeout (node:internal/timers:573:17)
    at process.processTimers (node:internal/timers:514:7)
2024-06-27T10:48:14.212Z error: MongoServerSelectionError: getaddrinfo ENOTFOUND ac-wlue6z6-shard-00-02.a93vbj1.mongodb.net
    at EventTarget.<anonymous> (G:\mazadat\node_modules\mongodb\lib\sdam\topology.js:289:34)
    at [nodejs.internal.kHybridDispatch] (node:internal/event_target:826:20)
    at EventTarget.dispatchEvent (node:internal/event_target:761:26)
    at abortSignal (node:internal/abort_controller:371:10)
    at TimeoutController.abort (node:internal/abort_controller:393:5)
    at Timeout.<anonymous> (G:\mazadat\node_modules\mongodb\lib\utils.js:976:92)
    at listOnTimeout (node:internal/timers:573:17)
    at process.processTimers (node:internal/timers:514:7)
2024-06-27T10:49:14.218Z error: MongoServerSelectionError: getaddrinfo ENOTFOUND ac-wlue6z6-shard-00-02.a93vbj1.mongodb.net
    at EventTarget.<anonymous> (G:\mazadat\node_modules\mongodb\lib\sdam\topology.js:289:34)
    at [nodejs.internal.kHybridDispatch] (node:internal/event_target:826:20)
    at EventTarget.dispatchEvent (node:internal/event_target:761:26)
    at abortSignal (node:internal/abort_controller:371:10)
    at TimeoutController.abort (node:internal/abort_controller:393:5)
    at Timeout.<anonymous> (G:\mazadat\node_modules\mongodb\lib\utils.js:976:92)
    at listOnTimeout (node:internal/timers:573:17)
    at process.processTimers (node:internal/timers:514:7)
2024-06-27T10:50:14.237Z error: MongoServerSelectionError: getaddrinfo ENOTFOUND ac-wlue6z6-shard-00-02.a93vbj1.mongodb.net
    at EventTarget.<anonymous> (G:\mazadat\node_modules\mongodb\lib\sdam\topology.js:289:34)
    at [nodejs.internal.kHybridDispatch] (node:internal/event_target:826:20)
    at EventTarget.dispatchEvent (node:internal/event_target:761:26)
    at abortSignal (node:internal/abort_controller:371:10)
    at TimeoutController.abort (node:internal/abort_controller:393:5)
    at Timeout.<anonymous> (G:\mazadat\node_modules\mongodb\lib\utils.js:976:92)
    at listOnTimeout (node:internal/timers:573:17)
    at process.processTimers (node:internal/timers:514:7)
2024-06-27T10:51:14.246Z error: MongoServerSelectionError: getaddrinfo ENOTFOUND ac-wlue6z6-shard-00-02.a93vbj1.mongodb.net
    at EventTarget.<anonymous> (G:\mazadat\node_modules\mongodb\lib\sdam\topology.js:289:34)
    at [nodejs.internal.kHybridDispatch] (node:internal/event_target:826:20)
    at EventTarget.dispatchEvent (node:internal/event_target:761:26)
    at abortSignal (node:internal/abort_controller:371:10)
    at TimeoutController.abort (node:internal/abort_controller:393:5)
    at Timeout.<anonymous> (G:\mazadat\node_modules\mongodb\lib\utils.js:976:92)
    at listOnTimeout (node:internal/timers:573:17)
    at process.processTimers (node:internal/timers:514:7)
2024-06-27T10:52:14.255Z error: MongoServerSelectionError: getaddrinfo ENOTFOUND ac-wlue6z6-shard-00-02.a93vbj1.mongodb.net
    at EventTarget.<anonymous> (G:\mazadat\node_modules\mongodb\lib\sdam\topology.js:289:34)
    at [nodejs.internal.kHybridDispatch] (node:internal/event_target:826:20)
    at EventTarget.dispatchEvent (node:internal/event_target:761:26)
    at abortSignal (node:internal/abort_controller:371:10)
    at TimeoutController.abort (node:internal/abort_controller:393:5)
    at Timeout.<anonymous> (G:\mazadat\node_modules\mongodb\lib\utils.js:976:92)
    at listOnTimeout (node:internal/timers:573:17)
    at process.processTimers (node:internal/timers:514:7)
2024-06-27T10:53:14.263Z error: MongoServerSelectionError: getaddrinfo ENOTFOUND ac-wlue6z6-shard-00-02.a93vbj1.mongodb.net
    at EventTarget.<anonymous> (G:\mazadat\node_modules\mongodb\lib\sdam\topology.js:289:34)
    at [nodejs.internal.kHybridDispatch] (node:internal/event_target:826:20)
    at EventTarget.dispatchEvent (node:internal/event_target:761:26)
    at abortSignal (node:internal/abort_controller:371:10)
    at TimeoutController.abort (node:internal/abort_controller:393:5)
    at Timeout.<anonymous> (G:\mazadat\node_modules\mongodb\lib\utils.js:976:92)
    at listOnTimeout (node:internal/timers:573:17)
    at process.processTimers (node:internal/timers:514:7)
2024-06-27T10:54:14.268Z error: MongoServerSelectionError: getaddrinfo ENOTFOUND ac-wlue6z6-shard-00-02.a93vbj1.mongodb.net
    at EventTarget.<anonymous> (G:\mazadat\node_modules\mongodb\lib\sdam\topology.js:289:34)
    at [nodejs.internal.kHybridDispatch] (node:internal/event_target:826:20)
    at EventTarget.dispatchEvent (node:internal/event_target:761:26)
    at abortSignal (node:internal/abort_controller:371:10)
    at TimeoutController.abort (node:internal/abort_controller:393:5)
    at Timeout.<anonymous> (G:\mazadat\node_modules\mongodb\lib\utils.js:976:92)
    at listOnTimeout (node:internal/timers:573:17)
    at process.processTimers (node:internal/timers:514:7)
2024-06-27T10:55:14.281Z error: MongoServerSelectionError: getaddrinfo ENOTFOUND ac-wlue6z6-shard-00-02.a93vbj1.mongodb.net
    at EventTarget.<anonymous> (G:\mazadat\node_modules\mongodb\lib\sdam\topology.js:289:34)
    at [nodejs.internal.kHybridDispatch] (node:internal/event_target:826:20)
    at EventTarget.dispatchEvent (node:internal/event_target:761:26)
    at abortSignal (node:internal/abort_controller:371:10)
    at TimeoutController.abort (node:internal/abort_controller:393:5)
    at Timeout.<anonymous> (G:\mazadat\node_modules\mongodb\lib\utils.js:976:92)
    at listOnTimeout (node:internal/timers:573:17)
    at process.processTimers (node:internal/timers:514:7)
2024-06-27T10:56:14.290Z error: MongoServerSelectionError: getaddrinfo ENOTFOUND ac-wlue6z6-shard-00-02.a93vbj1.mongodb.net
    at EventTarget.<anonymous> (G:\mazadat\node_modules\mongodb\lib\sdam\topology.js:289:34)
    at [nodejs.internal.kHybridDispatch] (node:internal/event_target:826:20)
    at EventTarget.dispatchEvent (node:internal/event_target:761:26)
    at abortSignal (node:internal/abort_controller:371:10)
    at TimeoutController.abort (node:internal/abort_controller:393:5)
    at Timeout.<anonymous> (G:\mazadat\node_modules\mongodb\lib\utils.js:976:92)
    at listOnTimeout (node:internal/timers:573:17)
    at process.processTimers (node:internal/timers:514:7)
2024-06-27T10:57:02.781Z info: Subcategory results aggregation completed.
2024-06-27T10:58:31.151Z info: Subcategory results aggregation completed.
2024-06-27T10:59:29.953Z info: Subcategory results aggregation completed.
2024-06-27T11:00:32.077Z info: Subcategory results aggregation completed.
2024-06-27T11:01:40.784Z info: Subcategory results aggregation completed.
2024-06-27T11:02:30.301Z info: Subcategory results aggregation completed.
2024-06-27T11:03:30.070Z info: Subcategory results aggregation completed.
2024-06-27T11:04:29.999Z info: Subcategory results aggregation completed.
2024-06-27T11:06:53.845Z info: Subcategory results aggregation completed.
2024-06-27T11:08:50.892Z info: Subcategory results aggregation completed.
2024-06-27T11:10:35.803Z error: MongooseError: Operation `subcategories.find()` buffering timed out after 10000ms
    at Timeout.<anonymous> (G:\mazadat\node_modules\mongoose\lib\drivers\node-mongodb-native\collection.js:185:23)
    at listOnTimeout (node:internal/timers:573:17)
    at process.processTimers (node:internal/timers:514:7)
