2024-06-27T01:19:13.149Z error: MongoServerError: Transaction numbers are only allowed on a replica set member or mongos
    at Connection.sendCommand (G:\mazadat\node_modules\mongodb\lib\cmap\connection.js:281:27)
    at process.processTicksAndRejections (node:internal/process/task_queues:95:5)
    at async Connection.command (G:\mazadat\node_modules\mongodb\lib\cmap\connection.js:304:26)
    at async Server.command (G:\mazadat\node_modules\mongodb\lib\sdam\server.js:169:24)
    at async executeOperation (G:\mazadat\node_modules\mongodb\lib\operations\execute_operation.js:126:16)
    at async FindCursor._initialize (G:\mazadat\node_modules\mongodb\lib\cursor\find_cursor.js:55:26)
    at async [kInit] (G:\mazadat\node_modules\mongodb\lib\cursor\abstract_cursor.js:454:27)
    at async next (G:\mazadat\node_modules\mongodb\lib\cursor\abstract_cursor.js:514:13)
    at async [Symbol.asyncIterator] (G:\mazadat\node_modules\mongodb\lib\cursor\abstract_cursor.js:160:34)
    at async FindCursor.toArray (G:\mazadat\node_modules\mongodb\lib\cursor\abstract_cursor.js:273:26)
2024-06-27T01:43:42.031Z error: TypeError: Cannot read properties of undefined (reading 'isMaster')
    at notifyAuctionEvents (G:\mazadat\sockets\notifications.js:2797:45)
    at Timeout._onTimeout (G:\mazadat\sockets\notifications.js:3096:21)
    at listOnTimeout (node:internal/timers:573:17)
    at process.processTimers (node:internal/timers:514:7)
2024-06-27T01:45:26.838Z error: MongoServerError: Transaction numbers are only allowed on a replica set member or mongos
    at Connection.sendCommand (G:\mazadat\node_modules\mongodb\lib\cmap\connection.js:281:27)
    at process.processTicksAndRejections (node:internal/process/task_queues:95:5)
    at async Connection.command (G:\mazadat\node_modules\mongodb\lib\cmap\connection.js:304:26)
    at async Server.command (G:\mazadat\node_modules\mongodb\lib\sdam\server.js:169:24)
    at async executeOperation (G:\mazadat\node_modules\mongodb\lib\operations\execute_operation.js:126:16)
    at async FindCursor._initialize (G:\mazadat\node_modules\mongodb\lib\cursor\find_cursor.js:55:26)
    at async [kInit] (G:\mazadat\node_modules\mongodb\lib\cursor\abstract_cursor.js:454:27)
    at async next (G:\mazadat\node_modules\mongodb\lib\cursor\abstract_cursor.js:514:13)
    at async [Symbol.asyncIterator] (G:\mazadat\node_modules\mongodb\lib\cursor\abstract_cursor.js:160:34)
    at async FindCursor.toArray (G:\mazadat\node_modules\mongodb\lib\cursor\abstract_cursor.js:273:26)
2024-06-27T01:47:17.922Z error: MongoServerError: Transaction numbers are only allowed on a replica set member or mongos
    at Connection.sendCommand (G:\mazadat\node_modules\mongodb\lib\cmap\connection.js:281:27)
    at process.processTicksAndRejections (node:internal/process/task_queues:95:5)
    at async Connection.command (G:\mazadat\node_modules\mongodb\lib\cmap\connection.js:304:26)
    at async Server.command (G:\mazadat\node_modules\mongodb\lib\sdam\server.js:169:24)
    at async executeOperation (G:\mazadat\node_modules\mongodb\lib\operations\execute_operation.js:126:16)
    at async FindCursor._initialize (G:\mazadat\node_modules\mongodb\lib\cursor\find_cursor.js:55:26)
    at async [kInit] (G:\mazadat\node_modules\mongodb\lib\cursor\abstract_cursor.js:454:27)
    at async next (G:\mazadat\node_modules\mongodb\lib\cursor\abstract_cursor.js:514:13)
    at async [Symbol.asyncIterator] (G:\mazadat\node_modules\mongodb\lib\cursor\abstract_cursor.js:160:34)
    at async FindCursor.toArray (G:\mazadat\node_modules\mongodb\lib\cursor\abstract_cursor.js:273:26)
2024-06-27T07:46:46.659Z error: TypeError: Cannot read properties of undefined (reading 'userId')
    at handleLosers (G:\mazadat\sockets\notifications.js:2987:34)
    at processEndingSubcategories (G:\mazadat\sockets\notifications.js:2874:13)
    at process.processTicksAndRejections (node:internal/process/task_queues:95:5)
    at async notifyAuctionEvents (G:\mazadat\sockets\notifications.js:2809:5)
2024-06-27T07:46:55.452Z error: TypeError: Cannot read properties of undefined (reading 'userId')
    at handleLosers (G:\mazadat\sockets\notifications.js:2987:34)
    at processEndingSubcategories (G:\mazadat\sockets\notifications.js:2874:13)
    at process.processTicksAndRejections (node:internal/process/task_queues:95:5)
    at async notifyAuctionEvents (G:\mazadat\sockets\notifications.js:2809:5)
2024-06-27T07:47:05.505Z error: TypeError: Cannot read properties of undefined (reading 'userId')
    at handleLosers (G:\mazadat\sockets\notifications.js:2987:34)
    at processEndingSubcategories (G:\mazadat\sockets\notifications.js:2874:13)
    at process.processTicksAndRejections (node:internal/process/task_queues:95:5)
    at async notifyAuctionEvents (G:\mazadat\sockets\notifications.js:2809:5)
2024-06-27T07:47:15.463Z error: TypeError: Cannot read properties of undefined (reading 'userId')
    at handleLosers (G:\mazadat\sockets\notifications.js:2987:34)
    at processEndingSubcategories (G:\mazadat\sockets\notifications.js:2874:13)
    at process.processTicksAndRejections (node:internal/process/task_queues:95:5)
    at async notifyAuctionEvents (G:\mazadat\sockets\notifications.js:2809:5)
2024-06-27T07:47:25.603Z error: TypeError: Cannot read properties of undefined (reading 'userId')
    at handleLosers (G:\mazadat\sockets\notifications.js:2987:34)
    at processEndingSubcategories (G:\mazadat\sockets\notifications.js:2874:13)
    at process.processTicksAndRejections (node:internal/process/task_queues:95:5)
    at async notifyAuctionEvents (G:\mazadat\sockets\notifications.js:2809:5)
2024-06-27T07:47:35.494Z error: TypeError: Cannot read properties of undefined (reading 'userId')
    at handleLosers (G:\mazadat\sockets\notifications.js:2987:34)
    at processEndingSubcategories (G:\mazadat\sockets\notifications.js:2874:13)
    at process.processTicksAndRejections (node:internal/process/task_queues:95:5)
    at async notifyAuctionEvents (G:\mazadat\sockets\notifications.js:2809:5)
2024-06-27T07:47:45.508Z error: TypeError: Cannot read properties of undefined (reading 'userId')
    at handleLosers (G:\mazadat\sockets\notifications.js:2987:34)
    at processEndingSubcategories (G:\mazadat\sockets\notifications.js:2874:13)
    at process.processTicksAndRejections (node:internal/process/task_queues:95:5)
    at async notifyAuctionEvents (G:\mazadat\sockets\notifications.js:2809:5)
2024-06-27T07:47:55.551Z error: TypeError: Cannot read properties of undefined (reading 'userId')
    at handleLosers (G:\mazadat\sockets\notifications.js:2987:34)
    at processEndingSubcategories (G:\mazadat\sockets\notifications.js:2874:13)
    at process.processTicksAndRejections (node:internal/process/task_queues:95:5)
    at async notifyAuctionEvents (G:\mazadat\sockets\notifications.js:2809:5)
2024-06-27T07:48:05.584Z error: TypeError: Cannot read properties of undefined (reading 'userId')
    at handleLosers (G:\mazadat\sockets\notifications.js:2987:34)
    at processEndingSubcategories (G:\mazadat\sockets\notifications.js:2874:13)
    at process.processTicksAndRejections (node:internal/process/task_queues:95:5)
    at async notifyAuctionEvents (G:\mazadat\sockets\notifications.js:2809:5)
2024-06-27T07:48:16.126Z error: TypeError: Cannot read properties of undefined (reading 'userId')
    at handleLosers (G:\mazadat\sockets\notifications.js:2987:34)
    at processEndingSubcategories (G:\mazadat\sockets\notifications.js:2874:13)
    at process.processTicksAndRejections (node:internal/process/task_queues:95:5)
    at async notifyAuctionEvents (G:\mazadat\sockets\notifications.js:2809:5)
2024-06-27T07:48:33.660Z error: TypeError: Cannot read properties of undefined (reading 'userId')
    at handleLosers (G:\mazadat\sockets\notifications.js:2989:34)
    at processEndingSubcategories (G:\mazadat\sockets\notifications.js:2874:13)
    at process.processTicksAndRejections (node:internal/process/task_queues:95:5)
    at async notifyAuctionEvents (G:\mazadat\sockets\notifications.js:2809:5)
2024-06-27T07:48:43.643Z error: TypeError: Cannot read properties of undefined (reading 'userId')
    at handleLosers (G:\mazadat\sockets\notifications.js:2989:34)
    at processEndingSubcategories (G:\mazadat\sockets\notifications.js:2874:13)
    at process.processTicksAndRejections (node:internal/process/task_queues:95:5)
    at async notifyAuctionEvents (G:\mazadat\sockets\notifications.js:2809:5)
2024-06-27T07:48:53.636Z error: TypeError: Cannot read properties of undefined (reading 'userId')
    at handleLosers (G:\mazadat\sockets\notifications.js:2989:34)
    at processEndingSubcategories (G:\mazadat\sockets\notifications.js:2874:13)
    at process.processTicksAndRejections (node:internal/process/task_queues:95:5)
    at async notifyAuctionEvents (G:\mazadat\sockets\notifications.js:2809:5)
2024-06-27T07:49:03.674Z error: TypeError: Cannot read properties of undefined (reading 'userId')
    at handleLosers (G:\mazadat\sockets\notifications.js:2989:34)
    at processEndingSubcategories (G:\mazadat\sockets\notifications.js:2874:13)
    at process.processTicksAndRejections (node:internal/process/task_queues:95:5)
    at async notifyAuctionEvents (G:\mazadat\sockets\notifications.js:2809:5)
2024-06-27T07:49:13.684Z error: TypeError: Cannot read properties of undefined (reading 'userId')
    at handleLosers (G:\mazadat\sockets\notifications.js:2989:34)
    at processEndingSubcategories (G:\mazadat\sockets\notifications.js:2874:13)
    at process.processTicksAndRejections (node:internal/process/task_queues:95:5)
    at async notifyAuctionEvents (G:\mazadat\sockets\notifications.js:2809:5)
2024-06-27T07:49:23.904Z error: TypeError: Cannot read properties of undefined (reading 'userId')
    at handleLosers (G:\mazadat\sockets\notifications.js:2989:34)
    at processEndingSubcategories (G:\mazadat\sockets\notifications.js:2874:13)
    at process.processTicksAndRejections (node:internal/process/task_queues:95:5)
    at async notifyAuctionEvents (G:\mazadat\sockets\notifications.js:2809:5)
2024-06-27T07:49:33.822Z error: TypeError: Cannot read properties of undefined (reading 'userId')
    at handleLosers (G:\mazadat\sockets\notifications.js:2989:34)
    at processEndingSubcategories (G:\mazadat\sockets\notifications.js:2874:13)
    at process.processTicksAndRejections (node:internal/process/task_queues:95:5)
    at async notifyAuctionEvents (G:\mazadat\sockets\notifications.js:2809:5)
2024-06-27T07:49:49.714Z error: TypeError: Cannot read properties of undefined (reading 'userId')
    at handleLosers (G:\mazadat\sockets\notifications.js:2989:34)
    at processEndingSubcategories (G:\mazadat\sockets\notifications.js:2874:13)
    at process.processTicksAndRejections (node:internal/process/task_queues:95:5)
    at async notifyAuctionEvents (G:\mazadat\sockets\notifications.js:2809:5)
2024-06-27T07:52:22.176Z error: TypeError: Cannot read properties of undefined (reading 'userId')
    at handleLosers (G:\mazadat\sockets\notifications.js:2989:34)
    at processEndingSubcategories (G:\mazadat\sockets\notifications.js:2874:13)
    at process.processTicksAndRejections (node:internal/process/task_queues:95:5)
    at async notifyAuctionEvents (G:\mazadat\sockets\notifications.js:2809:5)
2024-06-27T07:52:30.256Z error: TypeError: Cannot read properties of undefined (reading 'userId')
    at handleLosers (G:\mazadat\sockets\notifications.js:2989:34)
    at processEndingSubcategories (G:\mazadat\sockets\notifications.js:2874:13)
    at process.processTicksAndRejections (node:internal/process/task_queues:95:5)
    at async notifyAuctionEvents (G:\mazadat\sockets\notifications.js:2809:5)
2024-06-27T07:52:40.262Z error: TypeError: Cannot read properties of undefined (reading 'userId')
    at handleLosers (G:\mazadat\sockets\notifications.js:2989:34)
    at processEndingSubcategories (G:\mazadat\sockets\notifications.js:2874:13)
    at process.processTicksAndRejections (node:internal/process/task_queues:95:5)
    at async notifyAuctionEvents (G:\mazadat\sockets\notifications.js:2809:5)
2024-06-27T09:05:16.665Z error: MongoServerError: E11000 duplicate key error collection: test.subcategoryresults index: userId_1_subcategory_1_status_1 dup key: { userId: ObjectId('664aeb75feb87b3a9a7f3b49'), subcategory: ObjectId('667abdb32b750f051b38b08a'), status: "winner" }
    at InsertOneOperation.execute (G:\mazadat\node_modules\mongodb\lib\operations\insert.js:51:19)
    at process.processTicksAndRejections (node:internal/process/task_queues:95:5)
    at async executeOperation (G:\mazadat\node_modules\mongodb\lib\operations\execute_operation.js:126:16)
2024-06-27T09:06:16.520Z error: MongoServerError: E11000 duplicate key error collection: test.subcategoryresults index: userId_1_subcategory_1_status_1 dup key: { userId: ObjectId('664aeb75feb87b3a9a7f3b49'), subcategory: ObjectId('667abdb32b750f051b38b08a'), status: "loser" }
    at InsertOneOperation.execute (G:\mazadat\node_modules\mongodb\lib\operations\insert.js:51:19)
    at process.processTicksAndRejections (node:internal/process/task_queues:95:5)
    at async executeOperation (G:\mazadat\node_modules\mongodb\lib\operations\execute_operation.js:126:16)
2024-06-27T09:07:16.577Z error: MongoServerError: E11000 duplicate key error collection: test.subcategoryresults index: userId_1_subcategory_1_status_1 dup key: { userId: ObjectId('664aeb75feb87b3a9a7f3b49'), subcategory: ObjectId('667abdb32b750f051b38b08a'), status: "winner" }
    at InsertOneOperation.execute (G:\mazadat\node_modules\mongodb\lib\operations\insert.js:51:19)
    at process.processTicksAndRejections (node:internal/process/task_queues:95:5)
    at async executeOperation (G:\mazadat\node_modules\mongodb\lib\operations\execute_operation.js:126:16)
2024-06-27T09:08:16.663Z error: MongoServerError: E11000 duplicate key error collection: test.subcategoryresults index: userId_1_subcategory_1_status_1 dup key: { userId: ObjectId('664aeb75feb87b3a9a7f3b49'), subcategory: ObjectId('667abdb32b750f051b38b08a'), status: "winner" }
    at InsertOneOperation.execute (G:\mazadat\node_modules\mongodb\lib\operations\insert.js:51:19)
    at process.processTicksAndRejections (node:internal/process/task_queues:95:5)
    at async executeOperation (G:\mazadat\node_modules\mongodb\lib\operations\execute_operation.js:126:16)
2024-06-27T09:09:17.372Z error: MongoServerError: E11000 duplicate key error collection: test.subcategoryresults index: userId_1_subcategory_1_status_1 dup key: { userId: ObjectId('664aeb75feb87b3a9a7f3b49'), subcategory: ObjectId('667abdb32b750f051b38b08a'), status: "loser" }
    at InsertOneOperation.execute (G:\mazadat\node_modules\mongodb\lib\operations\insert.js:51:19)
    at process.processTicksAndRejections (node:internal/process/task_queues:95:5)
    at async executeOperation (G:\mazadat\node_modules\mongodb\lib\operations\execute_operation.js:126:16)
2024-06-27T09:10:18.585Z error: MongoServerError: E11000 duplicate key error collection: test.subcategoryresults index: userId_1_subcategory_1_status_1 dup key: { userId: ObjectId('664aeb75feb87b3a9a7f3b49'), subcategory: ObjectId('667abdb32b750f051b38b08a'), status: "loser" }
    at InsertOneOperation.execute (G:\mazadat\node_modules\mongodb\lib\operations\insert.js:51:19)
    at process.processTicksAndRejections (node:internal/process/task_queues:95:5)
    at async executeOperation (G:\mazadat\node_modules\mongodb\lib\operations\execute_operation.js:126:16)
2024-06-27T09:11:57.381Z error: MongoServerError: E11000 duplicate key error collection: test.subcategoryresults index: userId_1_subcategory_1_status_1 dup key: { userId: ObjectId('664aeb75feb87b3a9a7f3b49'), subcategory: ObjectId('667abdb32b750f051b38b08a'), status: "loser" }
    at InsertOneOperation.execute (G:\mazadat\node_modules\mongodb\lib\operations\insert.js:51:19)
    at process.processTicksAndRejections (node:internal/process/task_queues:95:5)
    at async executeOperation (G:\mazadat\node_modules\mongodb\lib\operations\execute_operation.js:126:16)
2024-06-27T09:12:57.304Z error: MongoServerError: E11000 duplicate key error collection: test.subcategoryresults index: userId_1_subcategory_1_status_1 dup key: { userId: ObjectId('664aeb75feb87b3a9a7f3b49'), subcategory: ObjectId('667abdb32b750f051b38b08a'), status: "winner" }
    at InsertOneOperation.execute (G:\mazadat\node_modules\mongodb\lib\operations\insert.js:51:19)
    at process.processTicksAndRejections (node:internal/process/task_queues:95:5)
    at async executeOperation (G:\mazadat\node_modules\mongodb\lib\operations\execute_operation.js:126:16)
2024-06-27T09:13:57.209Z error: MongoServerError: E11000 duplicate key error collection: test.subcategoryresults index: userId_1_subcategory_1_status_1 dup key: { userId: ObjectId('664aeb75feb87b3a9a7f3b49'), subcategory: ObjectId('667abdb32b750f051b38b08a'), status: "winner" }
    at InsertOneOperation.execute (G:\mazadat\node_modules\mongodb\lib\operations\insert.js:51:19)
    at process.processTicksAndRejections (node:internal/process/task_queues:95:5)
    at async executeOperation (G:\mazadat\node_modules\mongodb\lib\operations\execute_operation.js:126:16)
2024-06-27T09:15:56.663Z error: MongoServerError: E11000 duplicate key error collection: test.subcategoryresults index: userId_1_subcategory_1_status_1 dup key: { userId: ObjectId('664aeb75feb87b3a9a7f3b49'), subcategory: ObjectId('667abdb32b750f051b38b08a'), status: "winner" }
    at InsertOneOperation.execute (G:\mazadat\node_modules\mongodb\lib\operations\insert.js:51:19)
    at process.processTicksAndRejections (node:internal/process/task_queues:95:5)
    at async executeOperation (G:\mazadat\node_modules\mongodb\lib\operations\execute_operation.js:126:16)
2024-06-27T09:17:11.384Z error: MongoServerError: E11000 duplicate key error collection: test.subcategoryresults index: userId_1_subcategory_1_status_1 dup key: { userId: ObjectId('664aeb75feb87b3a9a7f3b49'), subcategory: ObjectId('667abdb32b750f051b38b08a'), status: "winner" }
    at InsertOneOperation.execute (G:\mazadat\node_modules\mongodb\lib\operations\insert.js:51:19)
    at process.processTicksAndRejections (node:internal/process/task_queues:95:5)
    at async executeOperation (G:\mazadat\node_modules\mongodb\lib\operations\execute_operation.js:126:16)
2024-06-27T09:18:11.372Z error: MongoServerError: E11000 duplicate key error collection: test.subcategoryresults index: userId_1_subcategory_1_status_1 dup key: { userId: ObjectId('664aeb75feb87b3a9a7f3b49'), subcategory: ObjectId('667abdb32b750f051b38b08a'), status: "winner" }
    at InsertOneOperation.execute (G:\mazadat\node_modules\mongodb\lib\operations\insert.js:51:19)
    at process.processTicksAndRejections (node:internal/process/task_queues:95:5)
    at async executeOperation (G:\mazadat\node_modules\mongodb\lib\operations\execute_operation.js:126:16)
2024-06-27T09:19:11.285Z error: MongoServerError: E11000 duplicate key error collection: test.subcategoryresults index: userId_1_subcategory_1_status_1 dup key: { userId: ObjectId('664aeb75feb87b3a9a7f3b49'), subcategory: ObjectId('667abdb32b750f051b38b08a'), status: "winner" }
    at InsertOneOperation.execute (G:\mazadat\node_modules\mongodb\lib\operations\insert.js:51:19)
    at process.processTicksAndRejections (node:internal/process/task_queues:95:5)
    at async executeOperation (G:\mazadat\node_modules\mongodb\lib\operations\execute_operation.js:126:16)
2024-06-27T09:20:11.684Z error: MongoServerError: E11000 duplicate key error collection: test.subcategoryresults index: userId_1_subcategory_1_status_1 dup key: { userId: ObjectId('664aeb75feb87b3a9a7f3b49'), subcategory: ObjectId('667abdb32b750f051b38b08a'), status: "winner" }
    at InsertOneOperation.execute (G:\mazadat\node_modules\mongodb\lib\operations\insert.js:51:19)
    at process.processTicksAndRejections (node:internal/process/task_queues:95:5)
    at async executeOperation (G:\mazadat\node_modules\mongodb\lib\operations\execute_operation.js:126:16)
2024-06-27T09:21:11.553Z error: MongoServerError: E11000 duplicate key error collection: test.subcategoryresults index: userId_1_subcategory_1_status_1 dup key: { userId: ObjectId('664aeb75feb87b3a9a7f3b49'), subcategory: ObjectId('667abdb32b750f051b38b08a'), status: "winner" }
    at InsertOneOperation.execute (G:\mazadat\node_modules\mongodb\lib\operations\insert.js:51:19)
    at process.processTicksAndRejections (node:internal/process/task_queues:95:5)
    at async executeOperation (G:\mazadat\node_modules\mongodb\lib\operations\execute_operation.js:126:16)
2024-06-27T09:22:11.458Z error: MongoServerError: E11000 duplicate key error collection: test.subcategoryresults index: userId_1_subcategory_1_status_1 dup key: { userId: ObjectId('664aeb75feb87b3a9a7f3b49'), subcategory: ObjectId('667abdb32b750f051b38b08a'), status: "winner" }
    at InsertOneOperation.execute (G:\mazadat\node_modules\mongodb\lib\operations\insert.js:51:19)
    at process.processTicksAndRejections (node:internal/process/task_queues:95:5)
    at async executeOperation (G:\mazadat\node_modules\mongodb\lib\operations\execute_operation.js:126:16)
2024-06-27T09:25:33.100Z error: MongooseError: Operation `subcategories.find()` buffering timed out after 10000ms
    at Timeout.<anonymous> (G:\mazadat\node_modules\mongoose\lib\drivers\node-mongodb-native\collection.js:185:23)
    at listOnTimeout (node:internal/timers:573:17)
    at process.processTimers (node:internal/timers:514:7)
2024-06-27T10:06:44.431Z error: MongoServerError: E11000 duplicate key error collection: test.subcategoryresults index: userId_1_subcategory_1_status_1 dup key: { userId: ObjectId('664aeb75feb87b3a9a7f3b49'), subcategory: ObjectId('667abdb32b750f051b38b08a'), status: "loser" }
    at InsertOneOperation.execute (G:\mazadat\node_modules\mongodb\lib\operations\insert.js:51:19)
    at process.processTicksAndRejections (node:internal/process/task_queues:95:5)
    at async executeOperation (G:\mazadat\node_modules\mongodb\lib\operations\execute_operation.js:126:16)
2024-06-27T10:07:41.898Z error: MongoServerError: E11000 duplicate key error collection: test.subcategoryresults index: userId_1_subcategory_1_status_1 dup key: { userId: ObjectId('664aeb75feb87b3a9a7f3b49'), subcategory: ObjectId('667abdb32b750f051b38b08a'), status: "winner" }
    at InsertOneOperation.execute (G:\mazadat\node_modules\mongodb\lib\operations\insert.js:51:19)
    at process.processTicksAndRejections (node:internal/process/task_queues:95:5)
    at async executeOperation (G:\mazadat\node_modules\mongodb\lib\operations\execute_operation.js:126:16)
2024-06-27T10:08:45.018Z error: MongoServerError: E11000 duplicate key error collection: test.subcategoryresults index: userId_1_subcategory_1_status_1 dup key: { userId: ObjectId('664aeb75feb87b3a9a7f3b49'), subcategory: ObjectId('667abdb32b750f051b38b08a'), status: "winner" }
    at InsertOneOperation.execute (G:\mazadat\node_modules\mongodb\lib\operations\insert.js:51:19)
    at process.processTicksAndRejections (node:internal/process/task_queues:95:5)
    at async executeOperation (G:\mazadat\node_modules\mongodb\lib\operations\execute_operation.js:126:16)
2024-06-27T10:09:45.312Z error: MongoServerError: E11000 duplicate key error collection: test.subcategoryresults index: userId_1_subcategory_1_status_1 dup key: { userId: ObjectId('664aeb75feb87b3a9a7f3b49'), subcategory: ObjectId('667abdb32b750f051b38b08a'), status: "winner" }
    at InsertOneOperation.execute (G:\mazadat\node_modules\mongodb\lib\operations\insert.js:51:19)
    at process.processTicksAndRejections (node:internal/process/task_queues:95:5)
    at async executeOperation (G:\mazadat\node_modules\mongodb\lib\operations\execute_operation.js:126:16)
2024-06-27T10:10:43.209Z error: MongoServerError: E11000 duplicate key error collection: test.subcategoryresults index: userId_1_subcategory_1_status_1 dup key: { userId: ObjectId('664aeb75feb87b3a9a7f3b49'), subcategory: ObjectId('667abdb32b750f051b38b08a'), status: "loser" }
    at InsertOneOperation.execute (G:\mazadat\node_modules\mongodb\lib\operations\insert.js:51:19)
    at process.processTicksAndRejections (node:internal/process/task_queues:95:5)
    at async executeOperation (G:\mazadat\node_modules\mongodb\lib\operations\execute_operation.js:126:16)
2024-06-27T10:11:41.205Z error: MongoServerError: E11000 duplicate key error collection: test.subcategoryresults index: userId_1_subcategory_1_status_1 dup key: { userId: ObjectId('664aeb75feb87b3a9a7f3b49'), subcategory: ObjectId('667abdb32b750f051b38b08a'), status: "winner" }
    at InsertOneOperation.execute (G:\mazadat\node_modules\mongodb\lib\operations\insert.js:51:19)
    at process.processTicksAndRejections (node:internal/process/task_queues:95:5)
    at async executeOperation (G:\mazadat\node_modules\mongodb\lib\operations\execute_operation.js:126:16)
2024-06-27T10:12:42.638Z error: MongoServerError: E11000 duplicate key error collection: test.subcategoryresults index: userId_1_subcategory_1_status_1 dup key: { userId: ObjectId('664aeb75feb87b3a9a7f3b49'), subcategory: ObjectId('667abdb32b750f051b38b08a'), status: "winner" }
    at InsertOneOperation.execute (G:\mazadat\node_modules\mongodb\lib\operations\insert.js:51:19)
    at process.processTicksAndRejections (node:internal/process/task_queues:95:5)
    at async executeOperation (G:\mazadat\node_modules\mongodb\lib\operations\execute_operation.js:126:16)
2024-06-27T10:13:41.766Z error: MongoServerError: E11000 duplicate key error collection: test.subcategoryresults index: userId_1_subcategory_1_status_1 dup key: { userId: ObjectId('664aeb75feb87b3a9a7f3b49'), subcategory: ObjectId('667abdb32b750f051b38b08a'), status: "winner" }
    at InsertOneOperation.execute (G:\mazadat\node_modules\mongodb\lib\operations\insert.js:51:19)
    at process.processTicksAndRejections (node:internal/process/task_queues:95:5)
    at async executeOperation (G:\mazadat\node_modules\mongodb\lib\operations\execute_operation.js:126:16)
2024-06-27T10:14:43.387Z error: MongoServerError: E11000 duplicate key error collection: test.subcategoryresults index: userId_1_subcategory_1_status_1 dup key: { userId: ObjectId('664aeb75feb87b3a9a7f3b49'), subcategory: ObjectId('667abdb32b750f051b38b08a'), status: "loser" }
    at InsertOneOperation.execute (G:\mazadat\node_modules\mongodb\lib\operations\insert.js:51:19)
    at process.processTicksAndRejections (node:internal/process/task_queues:95:5)
    at async executeOperation (G:\mazadat\node_modules\mongodb\lib\operations\execute_operation.js:126:16)
2024-06-27T10:15:42.488Z error: MongoServerError: E11000 duplicate key error collection: test.subcategoryresults index: userId_1_subcategory_1_status_1 dup key: { userId: ObjectId('664aeb75feb87b3a9a7f3b49'), subcategory: ObjectId('667abdb32b750f051b38b08a'), status: "winner" }
    at InsertOneOperation.execute (G:\mazadat\node_modules\mongodb\lib\operations\insert.js:51:19)
    at process.processTicksAndRejections (node:internal/process/task_queues:95:5)
    at async executeOperation (G:\mazadat\node_modules\mongodb\lib\operations\execute_operation.js:126:16)
